{"/home/noenic/SAE/API/src/bin.js":{"path":"/home/noenic/SAE/API/src/bin.js","statementMap":{"0":{"start":{"line":1,"column":14},"end":{"line":1,"column":33}},"1":{"start":{"line":3,"column":0},"end":{"line":5,"column":5}},"2":{"start":{"line":4,"column":4},"end":{"line":4,"column":18}}},"fnMap":{"0":{"name":"(anonymous_0)","decl":{"start":{"line":3,"column":1},"end":{"line":3,"column":2}},"loc":{"start":{"line":3,"column":17},"end":{"line":5,"column":1}},"line":3}},"branchMap":{},"s":{"0":1,"1":1,"2":1},"f":{"0":1},"b":{},"_coverageSchema":"1a1c01bbd47fc00a2c39e90264f33305004495a9","hash":"a9c2fb82e74a73fdf09dd9dc27fc79573dda6ad8","contentHash":"1df491305fef14c88ba3e316c1af72444232eee99e308214c41d3c1359bc7ea3"},"/home/noenic/SAE/API/src/app.js":{"path":"/home/noenic/SAE/API/src/app.js","statementMap":{"0":{"start":{"line":2,"column":16},"end":{"line":2,"column":34}},"1":{"start":{"line":3,"column":17},"end":{"line":3,"column":38}},"2":{"start":{"line":4,"column":15},"end":{"line":4,"column":34}},"3":{"start":{"line":5,"column":14},"end":{"line":5,"column":32}},"4":{"start":{"line":7,"column":13},"end":{"line":7,"column":44}},"5":{"start":{"line":8,"column":14},"end":{"line":8,"column":45}},"6":{"start":{"line":9,"column":16},"end":{"line":9,"column":49}},"7":{"start":{"line":10,"column":18},"end":{"line":10,"column":53}},"8":{"start":{"line":11,"column":16},"end":{"line":11,"column":49}},"9":{"start":{"line":13,"column":23},"end":{"line":13,"column":61}},"10":{"start":{"line":14,"column":24},"end":{"line":14,"column":63}},"11":{"start":{"line":15,"column":26},"end":{"line":15,"column":67}},"12":{"start":{"line":16,"column":28},"end":{"line":16,"column":71}},"13":{"start":{"line":17,"column":26},"end":{"line":17,"column":67}},"14":{"start":{"line":18,"column":11},"end":{"line":18,"column":24}},"15":{"start":{"line":19,"column":13},"end":{"line":19,"column":28}},"16":{"start":{"line":26,"column":0},"end":{"line":77,"column":1}},"17":{"start":{"line":27,"column":14},"end":{"line":27,"column":23}},"18":{"start":{"line":28,"column":2},"end":{"line":28,"column":26}},"19":{"start":{"line":29,"column":2},"end":{"line":29,"column":29}},"20":{"start":{"line":33,"column":2},"end":{"line":39,"column":5}},"21":{"start":{"line":34,"column":4},"end":{"line":38,"column":5}},"22":{"start":{"line":35,"column":6},"end":{"line":35,"column":51}},"23":{"start":{"line":37,"column":6},"end":{"line":37,"column":13}},"24":{"start":{"line":41,"column":2},"end":{"line":47,"column":5}},"25":{"start":{"line":42,"column":4},"end":{"line":42,"column":62}},"26":{"start":{"line":43,"column":4},"end":{"line":43,"column":40}},"27":{"start":{"line":44,"column":4},"end":{"line":46,"column":13}},"28":{"start":{"line":45,"column":6},"end":{"line":45,"column":22}},"29":{"start":{"line":50,"column":2},"end":{"line":50,"column":30}},"30":{"start":{"line":54,"column":2},"end":{"line":54,"column":20}},"31":{"start":{"line":55,"column":2},"end":{"line":55,"column":22}},"32":{"start":{"line":57,"column":2},"end":{"line":57,"column":18}},"33":{"start":{"line":58,"column":2},"end":{"line":58,"column":19}},"34":{"start":{"line":59,"column":2},"end":{"line":59,"column":21}},"35":{"start":{"line":60,"column":2},"end":{"line":60,"column":23}},"36":{"start":{"line":61,"column":2},"end":{"line":61,"column":21}},"37":{"start":{"line":64,"column":2},"end":{"line":64,"column":28}},"38":{"start":{"line":65,"column":2},"end":{"line":65,"column":29}},"39":{"start":{"line":66,"column":2},"end":{"line":66,"column":31}},"40":{"start":{"line":67,"column":2},"end":{"line":67,"column":33}},"41":{"start":{"line":68,"column":2},"end":{"line":68,"column":31}},"42":{"start":{"line":70,"column":15},"end":{"line":70,"column":41}},"43":{"start":{"line":73,"column":2},"end":{"line":75,"column":5}},"44":{"start":{"line":74,"column":4},"end":{"line":74,"column":69}},"45":{"start":{"line":76,"column":2},"end":{"line":76,"column":13}}},"fnMap":{"0":{"name":"start","decl":{"start":{"line":26,"column":32},"end":{"line":26,"column":37}},"loc":{"start":{"line":26,"column":39},"end":{"line":77,"column":1}},"line":26},"1":{"name":"(anonymous_1)","decl":{"start":{"line":33,"column":10},"end":{"line":33,"column":11}},"loc":{"start":{"line":33,"column":35},"end":{"line":39,"column":3}},"line":33},"2":{"name":"(anonymous_2)","decl":{"start":{"line":41,"column":24},"end":{"line":41,"column":25}},"loc":{"start":{"line":41,"column":38},"end":{"line":47,"column":3}},"line":41},"3":{"name":"(anonymous_3)","decl":{"start":{"line":44,"column":15},"end":{"line":44,"column":16}},"loc":{"start":{"line":44,"column":21},"end":{"line":46,"column":5}},"line":44},"4":{"name":"(anonymous_4)","decl":{"start":{"line":73,"column":18},"end":{"line":73,"column":19}},"loc":{"start":{"line":73,"column":24},"end":{"line":75,"column":3}},"line":73}},"branchMap":{"0":{"loc":{"start":{"line":34,"column":4},"end":{"line":38,"column":5}},"type":"if","locations":[{"start":{"line":34,"column":4},"end":{"line":38,"column":5}},{"start":{"line":34,"column":4},"end":{"line":38,"column":5}}],"line":34},"1":{"loc":{"start":{"line":34,"column":8},"end":{"line":34,"column":73}},"type":"binary-expr","locations":[{"start":{"line":34,"column":8},"end":{"line":34,"column":34}},{"start":{"line":34,"column":38},"end":{"line":34,"column":56}},{"start":{"line":34,"column":60},"end":{"line":34,"column":73}}],"line":34}},"s":{"0":1,"1":1,"2":1,"3":1,"4":1,"5":1,"6":1,"7":1,"8":1,"9":1,"10":1,"11":1,"12":1,"13":1,"14":1,"15":1,"16":1,"17":1,"18":1,"19":1,"20":1,"21":1,"22":1,"23":0,"24":1,"25":1,"26":1,"27":1,"28":1,"29":1,"30":1,"31":1,"32":1,"33":1,"34":1,"35":1,"36":1,"37":1,"38":1,"39":1,"40":1,"41":1,"42":1,"43":1,"44":1,"45":1},"f":{"0":1,"1":1,"2":1,"3":1,"4":1},"b":{"0":[1,0],"1":[1,1,1]},"_coverageSchema":"1a1c01bbd47fc00a2c39e90264f33305004495a9","hash":"c8038a26e92cf71f00a3727c1f3749a44077afd0","contentHash":"0cffd62ad1debe4e827b6d6c1db1b1e3e4bf5159a105afd3dbfe2357cfdb571c"},"/home/noenic/SAE/API/src/utils.js":{"path":"/home/noenic/SAE/API/src/utils.js","statementMap":{"0":{"start":{"line":4,"column":2},"end":{"line":30,"column":7}},"1":{"start":{"line":5,"column":4},"end":{"line":5,"column":76}},"2":{"start":{"line":6,"column":4},"end":{"line":9,"column":5}},"3":{"start":{"line":11,"column":7},"end":{"line":30,"column":7}},"4":{"start":{"line":13,"column":6},"end":{"line":16,"column":7}},"5":{"start":{"line":15,"column":39},"end":{"line":15,"column":54}},"6":{"start":{"line":18,"column":7},"end":{"line":30,"column":7}},"7":{"start":{"line":20,"column":8},"end":{"line":23,"column":9}},"8":{"start":{"line":26,"column":8},"end":{"line":29,"column":9}},"9":{"start":{"line":31,"column":2},"end":{"line":31,"column":18}},"10":{"start":{"line":38,"column":2},"end":{"line":40,"column":3}},"11":{"start":{"line":39,"column":4},"end":{"line":39,"column":19}},"12":{"start":{"line":41,"column":2},"end":{"line":46,"column":3}},"13":{"start":{"line":42,"column":4},"end":{"line":42,"column":49}},"14":{"start":{"line":45,"column":4},"end":{"line":45,"column":48}},"15":{"start":{"line":52,"column":2},"end":{"line":52,"column":38}},"16":{"start":{"line":57,"column":2},"end":{"line":57,"column":93}},"17":{"start":{"line":58,"column":2},"end":{"line":60,"column":5}},"18":{"start":{"line":59,"column":6},"end":{"line":59,"column":61}},"19":{"start":{"line":62,"column":2},"end":{"line":64,"column":5}},"20":{"start":{"line":63,"column":6},"end":{"line":63,"column":97}},"21":{"start":{"line":66,"column":2},"end":{"line":69,"column":5}},"22":{"start":{"line":67,"column":6},"end":{"line":67,"column":106}},"23":{"start":{"line":68,"column":6},"end":{"line":68,"column":115}},"24":{"start":{"line":77,"column":2},"end":{"line":93,"column":3}},"25":{"start":{"line":79,"column":6},"end":{"line":79,"column":25}},"26":{"start":{"line":80,"column":6},"end":{"line":80,"column":12}},"27":{"start":{"line":82,"column":6},"end":{"line":82,"column":25}},"28":{"start":{"line":83,"column":6},"end":{"line":83,"column":12}},"29":{"start":{"line":85,"column":6},"end":{"line":85,"column":25}},"30":{"start":{"line":86,"column":6},"end":{"line":86,"column":12}},"31":{"start":{"line":88,"column":6},"end":{"line":88,"column":25}},"32":{"start":{"line":89,"column":6},"end":{"line":89,"column":12}},"33":{"start":{"line":91,"column":6},"end":{"line":91,"column":24}},"34":{"start":{"line":92,"column":6},"end":{"line":92,"column":12}},"35":{"start":{"line":95,"column":2},"end":{"line":101,"column":3}},"36":{"start":{"line":96,"column":4},"end":{"line":96,"column":83}},"37":{"start":{"line":97,"column":4},"end":{"line":97,"column":47}},"38":{"start":{"line":100,"column":4},"end":{"line":100,"column":81}},"39":{"start":{"line":107,"column":2},"end":{"line":111,"column":3}},"40":{"start":{"line":108,"column":4},"end":{"line":108,"column":23}},"41":{"start":{"line":110,"column":4},"end":{"line":110,"column":23}},"42":{"start":{"line":113,"column":2},"end":{"line":113,"column":78}},"43":{"start":{"line":114,"column":2},"end":{"line":116,"column":3}},"44":{"start":{"line":115,"column":4},"end":{"line":115,"column":53}},"45":{"start":{"line":123,"column":2},"end":{"line":130,"column":3}},"46":{"start":{"line":124,"column":4},"end":{"line":124,"column":23}},"47":{"start":{"line":125,"column":4},"end":{"line":125,"column":114}},"48":{"start":{"line":128,"column":4},"end":{"line":128,"column":21}},"49":{"start":{"line":129,"column":4},"end":{"line":129,"column":123}},"50":{"start":{"line":132,"column":2},"end":{"line":132,"column":69}},"51":{"start":{"line":137,"column":0},"end":{"line":145,"column":1}}},"fnMap":{"0":{"name":"formatSequelizeResponse","decl":{"start":{"line":1,"column":15},"end":{"line":1,"column":38}},"loc":{"start":{"line":1,"column":49},"end":{"line":32,"column":3}},"line":1},"1":{"name":"(anonymous_1)","decl":{"start":{"line":15,"column":29},"end":{"line":15,"column":30}},"loc":{"start":{"line":15,"column":39},"end":{"line":15,"column":54}},"line":15},"2":{"name":"formatHTTPResponse","decl":{"start":{"line":35,"column":9},"end":{"line":35,"column":27}},"loc":{"start":{"line":35,"column":54},"end":{"line":48,"column":1}},"line":35},"3":{"name":"formatWSResponse","decl":{"start":{"line":51,"column":9},"end":{"line":51,"column":25}},"loc":{"start":{"line":51,"column":38},"end":{"line":53,"column":1}},"line":51},"4":{"name":"handleWS","decl":{"start":{"line":56,"column":15},"end":{"line":56,"column":23}},"loc":{"start":{"line":56,"column":43},"end":{"line":70,"column":1}},"line":56},"5":{"name":"(anonymous_5)","decl":{"start":{"line":58,"column":15},"end":{"line":58,"column":16}},"loc":{"start":{"line":58,"column":36},"end":{"line":60,"column":3}},"line":58},"6":{"name":"(anonymous_6)","decl":{"start":{"line":62,"column":17},"end":{"line":62,"column":18}},"loc":{"start":{"line":62,"column":28},"end":{"line":64,"column":3}},"line":62},"7":{"name":"(anonymous_7)","decl":{"start":{"line":66,"column":17},"end":{"line":66,"column":18}},"loc":{"start":{"line":66,"column":31},"end":{"line":69,"column":3}},"line":66},"8":{"name":"show_log","decl":{"start":{"line":72,"column":9},"end":{"line":72,"column":17}},"loc":{"start":{"line":72,"column":67},"end":{"line":102,"column":1}},"line":72},"9":{"name":"show_check","decl":{"start":{"line":105,"column":9},"end":{"line":105,"column":19}},"loc":{"start":{"line":105,"column":50},"end":{"line":117,"column":1}},"line":105},"10":{"name":"sendResponse","decl":{"start":{"line":121,"column":9},"end":{"line":121,"column":21}},"loc":{"start":{"line":121,"column":50},"end":{"line":134,"column":1}},"line":121}},"branchMap":{"0":{"loc":{"start":{"line":4,"column":2},"end":{"line":30,"column":7}},"type":"if","locations":[{"start":{"line":4,"column":2},"end":{"line":30,"column":7}},{"start":{"line":4,"column":2},"end":{"line":30,"column":7}}],"line":4},"1":{"loc":{"start":{"line":11,"column":7},"end":{"line":30,"column":7}},"type":"if","locations":[{"start":{"line":11,"column":7},"end":{"line":30,"column":7}},{"start":{"line":11,"column":7},"end":{"line":30,"column":7}}],"line":11},"2":{"loc":{"start":{"line":18,"column":7},"end":{"line":30,"column":7}},"type":"if","locations":[{"start":{"line":18,"column":7},"end":{"line":30,"column":7}},{"start":{"line":18,"column":7},"end":{"line":30,"column":7}}],"line":18},"3":{"loc":{"start":{"line":35,"column":37},"end":{"line":35,"column":53}},"type":"default-arg","locations":[{"start":{"line":35,"column":44},"end":{"line":35,"column":53}}],"line":35},"4":{"loc":{"start":{"line":38,"column":2},"end":{"line":40,"column":3}},"type":"if","locations":[{"start":{"line":38,"column":2},"end":{"line":40,"column":3}},{"start":{"line":38,"column":2},"end":{"line":40,"column":3}}],"line":38},"5":{"loc":{"start":{"line":38,"column":6},"end":{"line":38,"column":58}},"type":"binary-expr","locations":[{"start":{"line":38,"column":6},"end":{"line":38,"column":31}},{"start":{"line":38,"column":35},"end":{"line":38,"column":58}}],"line":38},"6":{"loc":{"start":{"line":41,"column":2},"end":{"line":46,"column":3}},"type":"if","locations":[{"start":{"line":41,"column":2},"end":{"line":46,"column":3}},{"start":{"line":41,"column":2},"end":{"line":46,"column":3}}],"line":41},"7":{"loc":{"start":{"line":72,"column":18},"end":{"line":72,"column":29}},"type":"default-arg","locations":[{"start":{"line":72,"column":24},"end":{"line":72,"column":29}}],"line":72},"8":{"loc":{"start":{"line":72,"column":38},"end":{"line":72,"column":55}},"type":"default-arg","locations":[{"start":{"line":72,"column":46},"end":{"line":72,"column":55}}],"line":72},"9":{"loc":{"start":{"line":72,"column":56},"end":{"line":72,"column":66}},"type":"default-arg","locations":[{"start":{"line":72,"column":62},"end":{"line":72,"column":66}}],"line":72},"10":{"loc":{"start":{"line":77,"column":2},"end":{"line":93,"column":3}},"type":"switch","locations":[{"start":{"line":78,"column":4},"end":{"line":80,"column":12}},{"start":{"line":81,"column":4},"end":{"line":83,"column":12}},{"start":{"line":84,"column":4},"end":{"line":86,"column":12}},{"start":{"line":87,"column":4},"end":{"line":89,"column":12}},{"start":{"line":90,"column":4},"end":{"line":92,"column":12}}],"line":77},"11":{"loc":{"start":{"line":95,"column":2},"end":{"line":101,"column":3}},"type":"if","locations":[{"start":{"line":95,"column":2},"end":{"line":101,"column":3}},{"start":{"line":95,"column":2},"end":{"line":101,"column":3}}],"line":95},"12":{"loc":{"start":{"line":105,"column":36},"end":{"line":105,"column":48}},"type":"default-arg","locations":[{"start":{"line":105,"column":44},"end":{"line":105,"column":48}}],"line":105},"13":{"loc":{"start":{"line":107,"column":2},"end":{"line":111,"column":3}},"type":"if","locations":[{"start":{"line":107,"column":2},"end":{"line":111,"column":3}},{"start":{"line":107,"column":2},"end":{"line":111,"column":3}}],"line":107},"14":{"loc":{"start":{"line":114,"column":2},"end":{"line":116,"column":3}},"type":"if","locations":[{"start":{"line":114,"column":2},"end":{"line":116,"column":3}},{"start":{"line":114,"column":2},"end":{"line":116,"column":3}}],"line":114},"15":{"loc":{"start":{"line":123,"column":2},"end":{"line":130,"column":3}},"type":"if","locations":[{"start":{"line":123,"column":2},"end":{"line":130,"column":3}},{"start":{"line":123,"column":2},"end":{"line":130,"column":3}}],"line":123},"16":{"loc":{"start":{"line":123,"column":6},"end":{"line":123,"column":43}},"type":"binary-expr","locations":[{"start":{"line":123,"column":6},"end":{"line":123,"column":23}},{"start":{"line":123,"column":27},"end":{"line":123,"column":43}}],"line":123}},"s":{"0":69,"1":0,"2":0,"3":69,"4":12,"5":14,"6":57,"7":39,"8":18,"9":69,"10":86,"11":0,"12":86,"13":63,"14":23,"15":13,"16":4,"17":4,"18":13,"19":4,"20":4,"21":4,"22":0,"23":0,"24":96,"25":0,"26":0,"27":33,"28":33,"29":63,"30":63,"31":0,"32":0,"33":0,"34":0,"35":96,"36":0,"37":0,"38":96,"39":7,"40":7,"41":0,"42":7,"43":7,"44":0,"45":86,"46":23,"47":23,"48":63,"49":63,"50":86,"51":1},"f":{"0":69,"1":14,"2":86,"3":13,"4":4,"5":13,"6":4,"7":0,"8":96,"9":7,"10":86},"b":{"0":[0,69],"1":[12,57],"2":[39,18],"3":[0],"4":[0,86],"5":[86,4],"6":[63,23],"7":[0],"8":[0],"9":[96],"10":[0,33,63,0,0],"11":[0,96],"12":[7],"13":[7,0],"14":[0,7],"15":[23,63],"16":[86,86]},"_coverageSchema":"1a1c01bbd47fc00a2c39e90264f33305004495a9","hash":"3509a583eee901ddbef6a403692f4085cf1ef9ff","contentHash":"e570f6ce76d6ab9c1c73c844cc2e1f8109d3243c218dea7d964b8d6d03ea0df4"},"/home/noenic/SAE/API/src/config.js":{"path":"/home/noenic/SAE/API/src/config.js","statementMap":{"0":{"start":{"line":1,"column":0},"end":{"line":31,"column":1}},"1":{"start":{"line":2,"column":2},"end":{"line":30,"column":2}}},"fnMap":{"0":{"name":"(anonymous_0)","decl":{"start":{"line":1,"column":17},"end":{"line":1,"column":18}},"loc":{"start":{"line":1,"column":32},"end":{"line":31,"column":1}},"line":1}},"branchMap":{"0":{"loc":{"start":{"line":5,"column":12},"end":{"line":5,"column":36}},"type":"binary-expr","locations":[{"start":{"line":5,"column":12},"end":{"line":5,"column":28}},{"start":{"line":5,"column":32},"end":{"line":5,"column":36}}],"line":5},"1":{"loc":{"start":{"line":10,"column":15},"end":{"line":10,"column":45}},"type":"binary-expr","locations":[{"start":{"line":10,"column":15},"end":{"line":10,"column":34}},{"start":{"line":10,"column":38},"end":{"line":10,"column":45}}],"line":10},"2":{"loc":{"start":{"line":11,"column":16},"end":{"line":11,"column":45}},"type":"binary-expr","locations":[{"start":{"line":11,"column":16},"end":{"line":11,"column":35}},{"start":{"line":11,"column":39},"end":{"line":11,"column":45}}],"line":11},"3":{"loc":{"start":{"line":12,"column":16},"end":{"line":12,"column":58}},"type":"binary-expr","locations":[{"start":{"line":12,"column":16},"end":{"line":12,"column":35}},{"start":{"line":12,"column":39},"end":{"line":12,"column":58}}],"line":12},"4":{"loc":{"start":{"line":14,"column":14},"end":{"line":14,"column":52}},"type":"binary-expr","locations":[{"start":{"line":14,"column":14},"end":{"line":14,"column":33}},{"start":{"line":14,"column":37},"end":{"line":14,"column":52}}],"line":14},"5":{"loc":{"start":{"line":16,"column":17},"end":{"line":16,"column":48}},"type":"binary-expr","locations":[{"start":{"line":16,"column":17},"end":{"line":16,"column":39}},{"start":{"line":16,"column":43},"end":{"line":16,"column":48}}],"line":16},"6":{"loc":{"start":{"line":21,"column":15},"end":{"line":21,"column":49}},"type":"binary-expr","locations":[{"start":{"line":21,"column":15},"end":{"line":21,"column":37}},{"start":{"line":21,"column":41},"end":{"line":21,"column":49}}],"line":21},"7":{"loc":{"start":{"line":22,"column":17},"end":{"line":22,"column":57}},"type":"binary-expr","locations":[{"start":{"line":22,"column":17},"end":{"line":22,"column":49}},{"start":{"line":22,"column":53},"end":{"line":22,"column":57}}],"line":22},"8":{"loc":{"start":{"line":26,"column":13},"end":{"line":26,"column":47}},"type":"binary-expr","locations":[{"start":{"line":26,"column":13},"end":{"line":26,"column":36}},{"start":{"line":26,"column":40},"end":{"line":26,"column":47}}],"line":26},"9":{"loc":{"start":{"line":27,"column":16},"end":{"line":27,"column":53}},"type":"binary-expr","locations":[{"start":{"line":27,"column":16},"end":{"line":27,"column":42}},{"start":{"line":27,"column":46},"end":{"line":27,"column":53}}],"line":27}},"s":{"0":1,"1":1},"f":{"0":1},"b":{"0":[1,1],"1":[1,1],"2":[1,1],"3":[1,1],"4":[1,1],"5":[1,1],"6":[1,1],"7":[1,1],"8":[1,1],"9":[1,1]},"_coverageSchema":"1a1c01bbd47fc00a2c39e90264f33305004495a9","hash":"0916cafcac97f1206035ee685660a5d5793f5870","contentHash":"73e4b1a3c081425b25f683a3bfdbf00bbac694684a0ec36ea06ee316089e113b"},"/home/noenic/SAE/API/src/models/user-models.js":{"path":"/home/noenic/SAE/API/src/models/user-models.js","statementMap":{"0":{"start":{"line":1,"column":18},"end":{"line":1,"column":38}},"1":{"start":{"line":2,"column":45},"end":{"line":2,"column":64}},"2":{"start":{"line":5,"column":0},"end":{"line":121,"column":2}},"3":{"start":{"line":8,"column":23},"end":{"line":29,"column":12}},"4":{"start":{"line":34,"column":25},"end":{"line":34,"column":29}},"5":{"start":{"line":35,"column":12},"end":{"line":40,"column":13}},"6":{"start":{"line":36,"column":16},"end":{"line":36,"column":87}},"7":{"start":{"line":39,"column":16},"end":{"line":39,"column":31}},"8":{"start":{"line":41,"column":12},"end":{"line":41,"column":51}},"9":{"start":{"line":46,"column":25},"end":{"line":46,"column":29}},"10":{"start":{"line":47,"column":12},"end":{"line":52,"column":13}},"11":{"start":{"line":48,"column":16},"end":{"line":48,"column":58}},"12":{"start":{"line":51,"column":16},"end":{"line":51,"column":27}},"13":{"start":{"line":53,"column":12},"end":{"line":53,"column":51}},"14":{"start":{"line":58,"column":25},"end":{"line":58,"column":29}},"15":{"start":{"line":59,"column":12},"end":{"line":64,"column":13}},"16":{"start":{"line":60,"column":16},"end":{"line":60,"column":52}},"17":{"start":{"line":63,"column":16},"end":{"line":63,"column":27}},"18":{"start":{"line":65,"column":12},"end":{"line":65,"column":51}},"19":{"start":{"line":70,"column":25},"end":{"line":70,"column":29}},"20":{"start":{"line":71,"column":12},"end":{"line":76,"column":13}},"21":{"start":{"line":72,"column":16},"end":{"line":72,"column":80}},"22":{"start":{"line":75,"column":16},"end":{"line":75,"column":27}},"23":{"start":{"line":78,"column":12},"end":{"line":78,"column":51}},"24":{"start":{"line":83,"column":25},"end":{"line":83,"column":29}},"25":{"start":{"line":84,"column":12},"end":{"line":89,"column":13}},"26":{"start":{"line":85,"column":16},"end":{"line":85,"column":75}},"27":{"start":{"line":88,"column":16},"end":{"line":88,"column":27}},"28":{"start":{"line":90,"column":12},"end":{"line":90,"column":51}},"29":{"start":{"line":95,"column":23},"end":{"line":95,"column":45}},"30":{"start":{"line":96,"column":12},"end":{"line":98,"column":13}},"31":{"start":{"line":97,"column":16},"end":{"line":97,"column":28}},"32":{"start":{"line":99,"column":12},"end":{"line":99,"column":25}},"33":{"start":{"line":108,"column":4},"end":{"line":117,"column":5}},"34":{"start":{"line":112,"column":8},"end":{"line":112,"column":45}},"35":{"start":{"line":113,"column":8},"end":{"line":113,"column":56}},"36":{"start":{"line":115,"column":8},"end":{"line":115,"column":62}},"37":{"start":{"line":116,"column":8},"end":{"line":116,"column":24}},"38":{"start":{"line":120,"column":4},"end":{"line":120,"column":25}}},"fnMap":{"0":{"name":"(anonymous_0)","decl":{"start":{"line":5,"column":17},"end":{"line":5,"column":18}},"loc":{"start":{"line":5,"column":32},"end":{"line":121,"column":1}},"line":5},"1":{"name":"(anonymous_1)","decl":{"start":{"line":32,"column":8},"end":{"line":32,"column":9}},"loc":{"start":{"line":32,"column":62},"end":{"line":42,"column":9}},"line":32},"2":{"name":"(anonymous_2)","decl":{"start":{"line":44,"column":8},"end":{"line":44,"column":9}},"loc":{"start":{"line":44,"column":33},"end":{"line":54,"column":9}},"line":44},"3":{"name":"(anonymous_3)","decl":{"start":{"line":56,"column":8},"end":{"line":56,"column":9}},"loc":{"start":{"line":56,"column":31},"end":{"line":66,"column":9}},"line":56},"4":{"name":"(anonymous_4)","decl":{"start":{"line":68,"column":8},"end":{"line":68,"column":9}},"loc":{"start":{"line":68,"column":41},"end":{"line":79,"column":9}},"line":68},"5":{"name":"(anonymous_5)","decl":{"start":{"line":81,"column":8},"end":{"line":81,"column":9}},"loc":{"start":{"line":81,"column":35},"end":{"line":91,"column":9}},"line":81},"6":{"name":"(anonymous_6)","decl":{"start":{"line":94,"column":8},"end":{"line":94,"column":9}},"loc":{"start":{"line":94,"column":35},"end":{"line":101,"column":9}},"line":94}},"branchMap":{"0":{"loc":{"start":{"line":96,"column":12},"end":{"line":98,"column":13}},"type":"if","locations":[{"start":{"line":96,"column":12},"end":{"line":98,"column":13}},{"start":{"line":96,"column":12},"end":{"line":98,"column":13}}],"line":96}},"s":{"0":1,"1":1,"2":1,"3":1,"4":1,"5":1,"6":1,"7":0,"8":1,"9":12,"10":12,"11":12,"12":0,"13":12,"14":1,"15":1,"16":1,"17":0,"18":1,"19":1,"20":1,"21":1,"22":0,"23":1,"24":1,"25":1,"26":1,"27":0,"28":1,"29":9,"30":9,"31":6,"32":3,"33":1,"34":1,"35":1,"36":0,"37":0,"38":1},"f":{"0":1,"1":1,"2":12,"3":1,"4":1,"5":1,"6":9},"b":{"0":[6,3]},"_coverageSchema":"1a1c01bbd47fc00a2c39e90264f33305004495a9","hash":"6bebf10cec233b2641364adc0299335abdd5795b","contentHash":"53235126dd86f3a0fc527d67b873d31fe50af92e2a26ade349841d5a00f63c82"},"/home/noenic/SAE/API/src/models/admin-model.js":{"path":"/home/noenic/SAE/API/src/models/admin-model.js","statementMap":{"0":{"start":{"line":1,"column":18},"end":{"line":1,"column":38}},"1":{"start":{"line":2,"column":55},"end":{"line":2,"column":74}},"2":{"start":{"line":3,"column":15},"end":{"line":3,"column":32}},"3":{"start":{"line":4,"column":12},"end":{"line":4,"column":35}},"4":{"start":{"line":7,"column":0},"end":{"line":190,"column":2}},"5":{"start":{"line":10,"column":23},"end":{"line":22,"column":12}},"6":{"start":{"line":27,"column":25},"end":{"line":27,"column":29}},"7":{"start":{"line":28,"column":12},"end":{"line":33,"column":13}},"8":{"start":{"line":29,"column":16},"end":{"line":29,"column":69}},"9":{"start":{"line":32,"column":16},"end":{"line":32,"column":31}},"10":{"start":{"line":34,"column":12},"end":{"line":34,"column":51}},"11":{"start":{"line":39,"column":25},"end":{"line":39,"column":29}},"12":{"start":{"line":40,"column":12},"end":{"line":45,"column":13}},"13":{"start":{"line":41,"column":16},"end":{"line":41,"column":58}},"14":{"start":{"line":44,"column":16},"end":{"line":44,"column":27}},"15":{"start":{"line":46,"column":12},"end":{"line":46,"column":51}},"16":{"start":{"line":51,"column":25},"end":{"line":51,"column":29}},"17":{"start":{"line":52,"column":12},"end":{"line":57,"column":13}},"18":{"start":{"line":53,"column":16},"end":{"line":53,"column":52}},"19":{"start":{"line":56,"column":16},"end":{"line":56,"column":27}},"20":{"start":{"line":58,"column":12},"end":{"line":58,"column":51}},"21":{"start":{"line":63,"column":25},"end":{"line":63,"column":29}},"22":{"start":{"line":64,"column":12},"end":{"line":69,"column":13}},"23":{"start":{"line":65,"column":16},"end":{"line":65,"column":80}},"24":{"start":{"line":68,"column":16},"end":{"line":68,"column":27}},"25":{"start":{"line":71,"column":12},"end":{"line":71,"column":51}},"26":{"start":{"line":76,"column":25},"end":{"line":76,"column":29}},"27":{"start":{"line":77,"column":12},"end":{"line":89,"column":13}},"28":{"start":{"line":79,"column":28},"end":{"line":79,"column":52}},"29":{"start":{"line":80,"column":16},"end":{"line":85,"column":17}},"30":{"start":{"line":81,"column":20},"end":{"line":81,"column":79}},"31":{"start":{"line":84,"column":20},"end":{"line":84,"column":75}},"32":{"start":{"line":88,"column":16},"end":{"line":88,"column":27}},"33":{"start":{"line":90,"column":12},"end":{"line":90,"column":51}},"34":{"start":{"line":95,"column":24},"end":{"line":95,"column":46}},"35":{"start":{"line":96,"column":12},"end":{"line":98,"column":13}},"36":{"start":{"line":97,"column":16},"end":{"line":97,"column":28}},"37":{"start":{"line":99,"column":12},"end":{"line":99,"column":25}},"38":{"start":{"line":106,"column":27},"end":{"line":106,"column":63}},"39":{"start":{"line":107,"column":27},"end":{"line":107,"column":61}},"40":{"start":{"line":109,"column":24},"end":{"line":109,"column":26}},"41":{"start":{"line":111,"column":12},"end":{"line":122,"column":13}},"42":{"start":{"line":113,"column":16},"end":{"line":117,"column":27}},"43":{"start":{"line":120,"column":16},"end":{"line":120,"column":82}},"44":{"start":{"line":123,"column":12},"end":{"line":123,"column":25}},"45":{"start":{"line":129,"column":24},"end":{"line":129,"column":46}},"46":{"start":{"line":130,"column":12},"end":{"line":130,"column":33}},"47":{"start":{"line":131,"column":12},"end":{"line":134,"column":13}},"48":{"start":{"line":132,"column":38},"end":{"line":132,"column":82}},"49":{"start":{"line":133,"column":16},"end":{"line":133,"column":39}},"50":{"start":{"line":135,"column":12},"end":{"line":135,"column":25}},"51":{"start":{"line":140,"column":12},"end":{"line":160,"column":13}},"52":{"start":{"line":141,"column":16},"end":{"line":149,"column":17}},"53":{"start":{"line":142,"column":32},"end":{"line":142,"column":60}},"54":{"start":{"line":143,"column":35},"end":{"line":143,"column":69}},"55":{"start":{"line":144,"column":20},"end":{"line":144,"column":46}},"56":{"start":{"line":145,"column":20},"end":{"line":145,"column":32}},"57":{"start":{"line":148,"column":20},"end":{"line":148,"column":33}},"58":{"start":{"line":151,"column":17},"end":{"line":160,"column":13}},"59":{"start":{"line":153,"column":34},"end":{"line":153,"column":96}},"60":{"start":{"line":154,"column":40},"end":{"line":154,"column":62}},"61":{"start":{"line":155,"column":16},"end":{"line":155,"column":67}},"62":{"start":{"line":159,"column":16},"end":{"line":159,"column":29}},"63":{"start":{"line":165,"column":4},"end":{"line":186,"column":5}},"64":{"start":{"line":169,"column":8},"end":{"line":169,"column":46}},"65":{"start":{"line":171,"column":20},"end":{"line":171,"column":41}},"66":{"start":{"line":172,"column":8},"end":{"line":181,"column":9}},"67":{"start":{"line":173,"column":25},"end":{"line":173,"column":135}},"68":{"start":{"line":174,"column":12},"end":{"line":180,"column":13}},"69":{"start":{"line":175,"column":16},"end":{"line":175,"column":58}},"70":{"start":{"line":178,"column":16},"end":{"line":178,"column":58}},"71":{"start":{"line":179,"column":16},"end":{"line":179,"column":32}},"72":{"start":{"line":182,"column":8},"end":{"line":182,"column":57}},"73":{"start":{"line":184,"column":8},"end":{"line":184,"column":63}},"74":{"start":{"line":185,"column":8},"end":{"line":185,"column":24}},"75":{"start":{"line":189,"column":4},"end":{"line":189,"column":27}}},"fnMap":{"0":{"name":"(anonymous_0)","decl":{"start":{"line":7,"column":17},"end":{"line":7,"column":18}},"loc":{"start":{"line":7,"column":32},"end":{"line":190,"column":1}},"line":7},"1":{"name":"(anonymous_1)","decl":{"start":{"line":25,"column":8},"end":{"line":25,"column":9}},"loc":{"start":{"line":25,"column":44},"end":{"line":35,"column":9}},"line":25},"2":{"name":"(anonymous_2)","decl":{"start":{"line":37,"column":8},"end":{"line":37,"column":9}},"loc":{"start":{"line":37,"column":33},"end":{"line":47,"column":9}},"line":37},"3":{"name":"(anonymous_3)","decl":{"start":{"line":49,"column":8},"end":{"line":49,"column":9}},"loc":{"start":{"line":49,"column":31},"end":{"line":59,"column":9}},"line":49},"4":{"name":"(anonymous_4)","decl":{"start":{"line":61,"column":8},"end":{"line":61,"column":9}},"loc":{"start":{"line":61,"column":41},"end":{"line":72,"column":9}},"line":61},"5":{"name":"(anonymous_5)","decl":{"start":{"line":74,"column":8},"end":{"line":74,"column":9}},"loc":{"start":{"line":74,"column":35},"end":{"line":91,"column":9}},"line":74},"6":{"name":"(anonymous_6)","decl":{"start":{"line":94,"column":8},"end":{"line":94,"column":9}},"loc":{"start":{"line":94,"column":35},"end":{"line":101,"column":9}},"line":94},"7":{"name":"(anonymous_7)","decl":{"start":{"line":104,"column":8},"end":{"line":104,"column":9}},"loc":{"start":{"line":104,"column":45},"end":{"line":124,"column":9}},"line":104},"8":{"name":"(anonymous_8)","decl":{"start":{"line":128,"column":8},"end":{"line":128,"column":9}},"loc":{"start":{"line":128,"column":54},"end":{"line":136,"column":9}},"line":128},"9":{"name":"(anonymous_9)","decl":{"start":{"line":138,"column":8},"end":{"line":138,"column":9}},"loc":{"start":{"line":138,"column":57},"end":{"line":161,"column":9}},"line":138}},"branchMap":{"0":{"loc":{"start":{"line":80,"column":16},"end":{"line":85,"column":17}},"type":"if","locations":[{"start":{"line":80,"column":16},"end":{"line":85,"column":17}},{"start":{"line":80,"column":16},"end":{"line":85,"column":17}}],"line":80},"1":{"loc":{"start":{"line":96,"column":12},"end":{"line":98,"column":13}},"type":"if","locations":[{"start":{"line":96,"column":12},"end":{"line":98,"column":13}},{"start":{"line":96,"column":12},"end":{"line":98,"column":13}}],"line":96},"2":{"loc":{"start":{"line":131,"column":12},"end":{"line":134,"column":13}},"type":"if","locations":[{"start":{"line":131,"column":12},"end":{"line":134,"column":13}},{"start":{"line":131,"column":12},"end":{"line":134,"column":13}}],"line":131},"3":{"loc":{"start":{"line":140,"column":12},"end":{"line":160,"column":13}},"type":"if","locations":[{"start":{"line":140,"column":12},"end":{"line":160,"column":13}},{"start":{"line":140,"column":12},"end":{"line":160,"column":13}}],"line":140},"4":{"loc":{"start":{"line":140,"column":16},"end":{"line":140,"column":80}},"type":"binary-expr","locations":[{"start":{"line":140,"column":16},"end":{"line":140,"column":35}},{"start":{"line":140,"column":39},"end":{"line":140,"column":80}}],"line":140},"5":{"loc":{"start":{"line":151,"column":17},"end":{"line":160,"column":13}},"type":"if","locations":[{"start":{"line":151,"column":17},"end":{"line":160,"column":13}},{"start":{"line":151,"column":17},"end":{"line":160,"column":13}}],"line":151},"6":{"loc":{"start":{"line":151,"column":21},"end":{"line":151,"column":84}},"type":"binary-expr","locations":[{"start":{"line":151,"column":21},"end":{"line":151,"column":40}},{"start":{"line":151,"column":44},"end":{"line":151,"column":84}}],"line":151},"7":{"loc":{"start":{"line":172,"column":8},"end":{"line":181,"column":9}},"type":"if","locations":[{"start":{"line":172,"column":8},"end":{"line":181,"column":9}},{"start":{"line":172,"column":8},"end":{"line":181,"column":9}}],"line":172},"8":{"loc":{"start":{"line":174,"column":12},"end":{"line":180,"column":13}},"type":"if","locations":[{"start":{"line":174,"column":12},"end":{"line":180,"column":13}},{"start":{"line":174,"column":12},"end":{"line":180,"column":13}}],"line":174}},"s":{"0":1,"1":1,"2":1,"3":1,"4":1,"5":1,"6":0,"7":0,"8":0,"9":0,"10":0,"11":2,"12":2,"13":2,"14":0,"15":2,"16":1,"17":1,"18":1,"19":0,"20":1,"21":0,"22":0,"23":0,"24":0,"25":0,"26":0,"27":0,"28":0,"29":0,"30":0,"31":0,"32":0,"33":0,"34":0,"35":0,"36":0,"37":0,"38":1,"39":1,"40":1,"41":1,"42":1,"43":0,"44":1,"45":2,"46":2,"47":2,"48":2,"49":2,"50":0,"51":50,"52":37,"53":37,"54":37,"55":37,"56":37,"57":0,"58":13,"59":2,"60":2,"61":2,"62":11,"63":1,"64":1,"65":1,"66":1,"67":0,"68":0,"69":0,"70":0,"71":0,"72":1,"73":0,"74":0,"75":1},"f":{"0":1,"1":0,"2":2,"3":1,"4":0,"5":0,"6":0,"7":1,"8":2,"9":50},"b":{"0":[0,0],"1":[0,0],"2":[2,0],"3":[37,13],"4":[50,39],"5":[2,11],"6":[13,2],"7":[0,1],"8":[0,0]},"_coverageSchema":"1a1c01bbd47fc00a2c39e90264f33305004495a9","hash":"7d9eb5a280fcbc231caf02aa6f98f09e16f4e686","contentHash":"b68743d2d37ec064195b5ece545ded132419ecfb82479494dc3330c75ebb0ff7"},"/home/noenic/SAE/API/src/models/project-model.js":{"path":"/home/noenic/SAE/API/src/models/project-model.js","statementMap":{"0":{"start":{"line":1,"column":18},"end":{"line":1,"column":38}},"1":{"start":{"line":2,"column":45},"end":{"line":2,"column":64}},"2":{"start":{"line":5,"column":0},"end":{"line":129,"column":2}},"3":{"start":{"line":8,"column":23},"end":{"line":38,"column":12}},"4":{"start":{"line":43,"column":25},"end":{"line":43,"column":29}},"5":{"start":{"line":44,"column":12},"end":{"line":49,"column":13}},"6":{"start":{"line":45,"column":16},"end":{"line":45,"column":92}},"7":{"start":{"line":48,"column":16},"end":{"line":48,"column":31}},"8":{"start":{"line":50,"column":12},"end":{"line":50,"column":51}},"9":{"start":{"line":55,"column":25},"end":{"line":55,"column":29}},"10":{"start":{"line":56,"column":12},"end":{"line":61,"column":13}},"11":{"start":{"line":57,"column":16},"end":{"line":57,"column":55}},"12":{"start":{"line":60,"column":16},"end":{"line":60,"column":27}},"13":{"start":{"line":62,"column":12},"end":{"line":62,"column":51}},"14":{"start":{"line":67,"column":25},"end":{"line":67,"column":29}},"15":{"start":{"line":68,"column":12},"end":{"line":73,"column":13}},"16":{"start":{"line":69,"column":16},"end":{"line":69,"column":52}},"17":{"start":{"line":72,"column":16},"end":{"line":72,"column":27}},"18":{"start":{"line":74,"column":12},"end":{"line":74,"column":51}},"19":{"start":{"line":79,"column":25},"end":{"line":79,"column":29}},"20":{"start":{"line":80,"column":12},"end":{"line":85,"column":13}},"21":{"start":{"line":81,"column":16},"end":{"line":81,"column":74}},"22":{"start":{"line":84,"column":16},"end":{"line":84,"column":27}},"23":{"start":{"line":87,"column":12},"end":{"line":87,"column":51}},"24":{"start":{"line":92,"column":25},"end":{"line":92,"column":29}},"25":{"start":{"line":93,"column":12},"end":{"line":98,"column":13}},"26":{"start":{"line":94,"column":16},"end":{"line":94,"column":69}},"27":{"start":{"line":97,"column":16},"end":{"line":97,"column":27}},"28":{"start":{"line":99,"column":12},"end":{"line":99,"column":51}},"29":{"start":{"line":103,"column":26},"end":{"line":103,"column":45}},"30":{"start":{"line":104,"column":12},"end":{"line":106,"column":13}},"31":{"start":{"line":105,"column":16},"end":{"line":105,"column":28}},"32":{"start":{"line":107,"column":12},"end":{"line":107,"column":25}},"33":{"start":{"line":116,"column":4},"end":{"line":125,"column":5}},"34":{"start":{"line":120,"column":8},"end":{"line":120,"column":48}},"35":{"start":{"line":121,"column":8},"end":{"line":121,"column":59}},"36":{"start":{"line":123,"column":8},"end":{"line":123,"column":65}},"37":{"start":{"line":124,"column":8},"end":{"line":124,"column":24}},"38":{"start":{"line":128,"column":4},"end":{"line":128,"column":31}}},"fnMap":{"0":{"name":"(anonymous_0)","decl":{"start":{"line":5,"column":17},"end":{"line":5,"column":18}},"loc":{"start":{"line":5,"column":32},"end":{"line":129,"column":1}},"line":5},"1":{"name":"(anonymous_1)","decl":{"start":{"line":41,"column":8},"end":{"line":41,"column":9}},"loc":{"start":{"line":41,"column":67},"end":{"line":51,"column":9}},"line":41},"2":{"name":"(anonymous_2)","decl":{"start":{"line":53,"column":8},"end":{"line":53,"column":9}},"loc":{"start":{"line":53,"column":30},"end":{"line":63,"column":9}},"line":53},"3":{"name":"(anonymous_3)","decl":{"start":{"line":65,"column":8},"end":{"line":65,"column":9}},"loc":{"start":{"line":65,"column":31},"end":{"line":75,"column":9}},"line":65},"4":{"name":"(anonymous_4)","decl":{"start":{"line":77,"column":8},"end":{"line":77,"column":9}},"loc":{"start":{"line":77,"column":38},"end":{"line":88,"column":9}},"line":77},"5":{"name":"(anonymous_5)","decl":{"start":{"line":90,"column":8},"end":{"line":90,"column":9}},"loc":{"start":{"line":90,"column":32},"end":{"line":100,"column":9}},"line":90},"6":{"name":"(anonymous_6)","decl":{"start":{"line":102,"column":8},"end":{"line":102,"column":9}},"loc":{"start":{"line":102,"column":32},"end":{"line":109,"column":9}},"line":102}},"branchMap":{"0":{"loc":{"start":{"line":104,"column":12},"end":{"line":106,"column":13}},"type":"if","locations":[{"start":{"line":104,"column":12},"end":{"line":106,"column":13}},{"start":{"line":104,"column":12},"end":{"line":106,"column":13}}],"line":104}},"s":{"0":1,"1":1,"2":1,"3":1,"4":2,"5":2,"6":2,"7":0,"8":2,"9":12,"10":12,"11":12,"12":0,"13":12,"14":1,"15":1,"16":1,"17":0,"18":1,"19":1,"20":1,"21":1,"22":0,"23":1,"24":1,"25":1,"26":1,"27":0,"28":1,"29":9,"30":9,"31":6,"32":3,"33":1,"34":1,"35":1,"36":0,"37":0,"38":1},"f":{"0":1,"1":2,"2":12,"3":1,"4":1,"5":1,"6":9},"b":{"0":[6,3]},"_coverageSchema":"1a1c01bbd47fc00a2c39e90264f33305004495a9","hash":"51ffd171b2e19b363c59b4c774c551da3e33a945","contentHash":"d7a196de699fc4d7b2b549961761b5ae46a51667d0de6d79f4b7136ab91271e5"},"/home/noenic/SAE/API/src/models/ressource-model.js":{"path":"/home/noenic/SAE/API/src/models/ressource-model.js","statementMap":{"0":{"start":{"line":1,"column":18},"end":{"line":1,"column":38}},"1":{"start":{"line":2,"column":45},"end":{"line":2,"column":64}},"2":{"start":{"line":5,"column":0},"end":{"line":124,"column":2}},"3":{"start":{"line":8,"column":23},"end":{"line":33,"column":12}},"4":{"start":{"line":38,"column":25},"end":{"line":38,"column":29}},"5":{"start":{"line":39,"column":12},"end":{"line":44,"column":13}},"6":{"start":{"line":40,"column":16},"end":{"line":40,"column":72}},"7":{"start":{"line":43,"column":16},"end":{"line":43,"column":31}},"8":{"start":{"line":45,"column":12},"end":{"line":45,"column":51}},"9":{"start":{"line":50,"column":25},"end":{"line":50,"column":29}},"10":{"start":{"line":51,"column":12},"end":{"line":56,"column":13}},"11":{"start":{"line":52,"column":16},"end":{"line":52,"column":55}},"12":{"start":{"line":55,"column":16},"end":{"line":55,"column":27}},"13":{"start":{"line":57,"column":12},"end":{"line":57,"column":51}},"14":{"start":{"line":62,"column":25},"end":{"line":62,"column":29}},"15":{"start":{"line":63,"column":12},"end":{"line":68,"column":13}},"16":{"start":{"line":64,"column":16},"end":{"line":64,"column":52}},"17":{"start":{"line":67,"column":16},"end":{"line":67,"column":27}},"18":{"start":{"line":69,"column":12},"end":{"line":69,"column":51}},"19":{"start":{"line":74,"column":25},"end":{"line":74,"column":29}},"20":{"start":{"line":75,"column":12},"end":{"line":80,"column":13}},"21":{"start":{"line":76,"column":16},"end":{"line":76,"column":74}},"22":{"start":{"line":79,"column":16},"end":{"line":79,"column":27}},"23":{"start":{"line":82,"column":12},"end":{"line":82,"column":51}},"24":{"start":{"line":87,"column":25},"end":{"line":87,"column":29}},"25":{"start":{"line":88,"column":12},"end":{"line":93,"column":13}},"26":{"start":{"line":89,"column":16},"end":{"line":89,"column":69}},"27":{"start":{"line":92,"column":16},"end":{"line":92,"column":27}},"28":{"start":{"line":94,"column":12},"end":{"line":94,"column":51}},"29":{"start":{"line":98,"column":28},"end":{"line":98,"column":47}},"30":{"start":{"line":99,"column":12},"end":{"line":101,"column":13}},"31":{"start":{"line":100,"column":16},"end":{"line":100,"column":28}},"32":{"start":{"line":102,"column":12},"end":{"line":102,"column":25}},"33":{"start":{"line":111,"column":4},"end":{"line":120,"column":5}},"34":{"start":{"line":115,"column":8},"end":{"line":115,"column":50}},"35":{"start":{"line":116,"column":8},"end":{"line":116,"column":61}},"36":{"start":{"line":118,"column":8},"end":{"line":118,"column":67}},"37":{"start":{"line":119,"column":8},"end":{"line":119,"column":24}},"38":{"start":{"line":123,"column":4},"end":{"line":123,"column":35}}},"fnMap":{"0":{"name":"(anonymous_0)","decl":{"start":{"line":5,"column":17},"end":{"line":5,"column":18}},"loc":{"start":{"line":5,"column":32},"end":{"line":124,"column":1}},"line":5},"1":{"name":"(anonymous_1)","decl":{"start":{"line":36,"column":8},"end":{"line":36,"column":9}},"loc":{"start":{"line":36,"column":47},"end":{"line":46,"column":9}},"line":36},"2":{"name":"(anonymous_2)","decl":{"start":{"line":48,"column":8},"end":{"line":48,"column":9}},"loc":{"start":{"line":48,"column":30},"end":{"line":58,"column":9}},"line":48},"3":{"name":"(anonymous_3)","decl":{"start":{"line":60,"column":8},"end":{"line":60,"column":9}},"loc":{"start":{"line":60,"column":31},"end":{"line":70,"column":9}},"line":60},"4":{"name":"(anonymous_4)","decl":{"start":{"line":72,"column":8},"end":{"line":72,"column":9}},"loc":{"start":{"line":72,"column":38},"end":{"line":83,"column":9}},"line":72},"5":{"name":"(anonymous_5)","decl":{"start":{"line":85,"column":8},"end":{"line":85,"column":9}},"loc":{"start":{"line":85,"column":32},"end":{"line":95,"column":9}},"line":85},"6":{"name":"(anonymous_6)","decl":{"start":{"line":97,"column":8},"end":{"line":97,"column":9}},"loc":{"start":{"line":97,"column":32},"end":{"line":104,"column":9}},"line":97}},"branchMap":{"0":{"loc":{"start":{"line":99,"column":12},"end":{"line":101,"column":13}},"type":"if","locations":[{"start":{"line":99,"column":12},"end":{"line":101,"column":13}},{"start":{"line":99,"column":12},"end":{"line":101,"column":13}}],"line":99}},"s":{"0":1,"1":1,"2":1,"3":1,"4":1,"5":1,"6":1,"7":0,"8":1,"9":8,"10":8,"11":8,"12":0,"13":8,"14":1,"15":1,"16":1,"17":0,"18":1,"19":1,"20":1,"21":1,"22":0,"23":1,"24":1,"25":1,"26":1,"27":0,"28":1,"29":4,"30":4,"31":2,"32":2,"33":1,"34":1,"35":1,"36":0,"37":0,"38":1},"f":{"0":1,"1":1,"2":8,"3":1,"4":1,"5":1,"6":4},"b":{"0":[2,2]},"_coverageSchema":"1a1c01bbd47fc00a2c39e90264f33305004495a9","hash":"9ef6445e2ce07772c27f6e950d89a5b061f14c28","contentHash":"b0af7aef158e410c02ac79218ce71e0e01f4f6d1ed8e7b78212a191e78ada8aa"},"/home/noenic/SAE/API/src/models/session-model.js":{"path":"/home/noenic/SAE/API/src/models/session-model.js","statementMap":{"0":{"start":{"line":1,"column":18},"end":{"line":1,"column":38}},"1":{"start":{"line":2,"column":45},"end":{"line":2,"column":64}},"2":{"start":{"line":5,"column":0},"end":{"line":161,"column":2}},"3":{"start":{"line":8,"column":23},"end":{"line":36,"column":10}},"4":{"start":{"line":42,"column":25},"end":{"line":42,"column":29}},"5":{"start":{"line":43,"column":12},"end":{"line":48,"column":13}},"6":{"start":{"line":44,"column":16},"end":{"line":44,"column":135}},"7":{"start":{"line":47,"column":16},"end":{"line":47,"column":31}},"8":{"start":{"line":49,"column":12},"end":{"line":49,"column":51}},"9":{"start":{"line":54,"column":25},"end":{"line":54,"column":29}},"10":{"start":{"line":55,"column":12},"end":{"line":60,"column":13}},"11":{"start":{"line":56,"column":16},"end":{"line":56,"column":55}},"12":{"start":{"line":59,"column":16},"end":{"line":59,"column":27}},"13":{"start":{"line":61,"column":12},"end":{"line":61,"column":51}},"14":{"start":{"line":66,"column":25},"end":{"line":66,"column":29}},"15":{"start":{"line":67,"column":12},"end":{"line":72,"column":13}},"16":{"start":{"line":68,"column":16},"end":{"line":68,"column":52}},"17":{"start":{"line":71,"column":16},"end":{"line":71,"column":27}},"18":{"start":{"line":73,"column":12},"end":{"line":73,"column":51}},"19":{"start":{"line":78,"column":25},"end":{"line":78,"column":29}},"20":{"start":{"line":79,"column":12},"end":{"line":84,"column":13}},"21":{"start":{"line":80,"column":16},"end":{"line":80,"column":74}},"22":{"start":{"line":83,"column":16},"end":{"line":83,"column":27}},"23":{"start":{"line":86,"column":12},"end":{"line":86,"column":51}},"24":{"start":{"line":91,"column":25},"end":{"line":91,"column":29}},"25":{"start":{"line":92,"column":12},"end":{"line":97,"column":13}},"26":{"start":{"line":93,"column":16},"end":{"line":93,"column":69}},"27":{"start":{"line":96,"column":16},"end":{"line":96,"column":27}},"28":{"start":{"line":98,"column":12},"end":{"line":98,"column":51}},"29":{"start":{"line":102,"column":26},"end":{"line":102,"column":45}},"30":{"start":{"line":103,"column":12},"end":{"line":105,"column":13}},"31":{"start":{"line":104,"column":16},"end":{"line":104,"column":28}},"32":{"start":{"line":106,"column":12},"end":{"line":106,"column":25}},"33":{"start":{"line":111,"column":26},"end":{"line":111,"column":45}},"34":{"start":{"line":112,"column":12},"end":{"line":114,"column":13}},"35":{"start":{"line":113,"column":16},"end":{"line":113,"column":28}},"36":{"start":{"line":115,"column":12},"end":{"line":115,"column":25}},"37":{"start":{"line":120,"column":25},"end":{"line":120,"column":29}},"38":{"start":{"line":121,"column":12},"end":{"line":126,"column":13}},"39":{"start":{"line":122,"column":16},"end":{"line":122,"column":94}},"40":{"start":{"line":125,"column":16},"end":{"line":125,"column":27}},"41":{"start":{"line":127,"column":12},"end":{"line":127,"column":51}},"42":{"start":{"line":134,"column":4},"end":{"line":157,"column":5}},"43":{"start":{"line":141,"column":21},"end":{"line":141,"column":36}},"44":{"start":{"line":142,"column":24},"end":{"line":142,"column":42}},"45":{"start":{"line":143,"column":8},"end":{"line":143,"column":112}},"46":{"start":{"line":144,"column":8},"end":{"line":144,"column":112}},"47":{"start":{"line":147,"column":8},"end":{"line":147,"column":48}},"48":{"start":{"line":153,"column":8},"end":{"line":153,"column":59}},"49":{"start":{"line":155,"column":8},"end":{"line":155,"column":65}},"50":{"start":{"line":156,"column":8},"end":{"line":156,"column":24}},"51":{"start":{"line":160,"column":4},"end":{"line":160,"column":31}}},"fnMap":{"0":{"name":"(anonymous_0)","decl":{"start":{"line":5,"column":17},"end":{"line":5,"column":18}},"loc":{"start":{"line":5,"column":32},"end":{"line":161,"column":1}},"line":5},"1":{"name":"(anonymous_1)","decl":{"start":{"line":40,"column":8},"end":{"line":40,"column":9}},"loc":{"start":{"line":40,"column":70},"end":{"line":50,"column":9}},"line":40},"2":{"name":"(anonymous_2)","decl":{"start":{"line":52,"column":8},"end":{"line":52,"column":9}},"loc":{"start":{"line":52,"column":30},"end":{"line":62,"column":9}},"line":52},"3":{"name":"(anonymous_3)","decl":{"start":{"line":64,"column":8},"end":{"line":64,"column":9}},"loc":{"start":{"line":64,"column":31},"end":{"line":74,"column":9}},"line":64},"4":{"name":"(anonymous_4)","decl":{"start":{"line":76,"column":8},"end":{"line":76,"column":9}},"loc":{"start":{"line":76,"column":38},"end":{"line":87,"column":9}},"line":76},"5":{"name":"(anonymous_5)","decl":{"start":{"line":89,"column":8},"end":{"line":89,"column":9}},"loc":{"start":{"line":89,"column":32},"end":{"line":99,"column":9}},"line":89},"6":{"name":"(anonymous_6)","decl":{"start":{"line":101,"column":8},"end":{"line":101,"column":9}},"loc":{"start":{"line":101,"column":32},"end":{"line":108,"column":9}},"line":101},"7":{"name":"(anonymous_7)","decl":{"start":{"line":110,"column":8},"end":{"line":110,"column":9}},"loc":{"start":{"line":110,"column":35},"end":{"line":117,"column":9}},"line":110},"8":{"name":"(anonymous_8)","decl":{"start":{"line":119,"column":8},"end":{"line":119,"column":9}},"loc":{"start":{"line":119,"column":53},"end":{"line":128,"column":9}},"line":119}},"branchMap":{"0":{"loc":{"start":{"line":103,"column":12},"end":{"line":105,"column":13}},"type":"if","locations":[{"start":{"line":103,"column":12},"end":{"line":105,"column":13}},{"start":{"line":103,"column":12},"end":{"line":105,"column":13}}],"line":103},"1":{"loc":{"start":{"line":112,"column":12},"end":{"line":114,"column":13}},"type":"if","locations":[{"start":{"line":112,"column":12},"end":{"line":114,"column":13}},{"start":{"line":112,"column":12},"end":{"line":114,"column":13}}],"line":112}},"s":{"0":1,"1":1,"2":1,"3":1,"4":1,"5":1,"6":1,"7":0,"8":1,"9":14,"10":14,"11":14,"12":0,"13":14,"14":1,"15":1,"16":1,"17":0,"18":1,"19":1,"20":1,"21":1,"22":0,"23":1,"24":1,"25":1,"26":1,"27":0,"28":1,"29":6,"30":6,"31":4,"32":2,"33":3,"34":3,"35":1,"36":2,"37":3,"38":3,"39":3,"40":0,"41":3,"42":1,"43":1,"44":1,"45":1,"46":1,"47":1,"48":1,"49":0,"50":0,"51":1},"f":{"0":1,"1":1,"2":14,"3":1,"4":1,"5":1,"6":6,"7":3,"8":3},"b":{"0":[4,2],"1":[1,2]},"_coverageSchema":"1a1c01bbd47fc00a2c39e90264f33305004495a9","hash":"31980df3d9df6573f779aee70023cb59bd479f46","contentHash":"5b7242b1f10878f70b40ccc41edce974903a3c645909770fcc2b0639cf8ff68a"},"/home/noenic/SAE/API/src/controlers/user-controler.js":{"path":"/home/noenic/SAE/API/src/controlers/user-controler.js","statementMap":{"0":{"start":{"line":1,"column":41},"end":{"line":1,"column":60}},"1":{"start":{"line":2,"column":12},"end":{"line":2,"column":32}},"2":{"start":{"line":4,"column":0},"end":{"line":141,"column":1}},"3":{"start":{"line":5,"column":17},"end":{"line":5,"column":32}},"4":{"start":{"line":6,"column":18},"end":{"line":6,"column":34}},"5":{"start":{"line":7,"column":4},"end":{"line":7,"column":85}},"6":{"start":{"line":7,"column":46},"end":{"line":7,"column":82}},"7":{"start":{"line":11,"column":4},"end":{"line":25,"column":7}},"8":{"start":{"line":13,"column":8},"end":{"line":19,"column":9}},"9":{"start":{"line":14,"column":33},"end":{"line":14,"column":86}},"10":{"start":{"line":15,"column":12},"end":{"line":18,"column":13}},"11":{"start":{"line":16,"column":16},"end":{"line":16,"column":56}},"12":{"start":{"line":17,"column":16},"end":{"line":17,"column":23}},"13":{"start":{"line":20,"column":8},"end":{"line":23,"column":9}},"14":{"start":{"line":21,"column":12},"end":{"line":21,"column":57}},"15":{"start":{"line":22,"column":12},"end":{"line":22,"column":19}},"16":{"start":{"line":24,"column":8},"end":{"line":24,"column":15}},"17":{"start":{"line":31,"column":4},"end":{"line":35,"column":6}},"18":{"start":{"line":32,"column":21},"end":{"line":32,"column":41}},"19":{"start":{"line":33,"column":8},"end":{"line":33,"column":46}},"20":{"start":{"line":38,"column":4},"end":{"line":48,"column":6}},"21":{"start":{"line":39,"column":21},"end":{"line":39,"column":54}},"22":{"start":{"line":40,"column":8},"end":{"line":46,"column":9}},"23":{"start":{"line":41,"column":12},"end":{"line":41,"column":53}},"24":{"start":{"line":45,"column":12},"end":{"line":45,"column":50}},"25":{"start":{"line":52,"column":4},"end":{"line":83,"column":6}},"26":{"start":{"line":54,"column":23},"end":{"line":59,"column":10}},"27":{"start":{"line":60,"column":26},"end":{"line":60,"column":51}},"28":{"start":{"line":62,"column":8},"end":{"line":65,"column":9}},"29":{"start":{"line":63,"column":12},"end":{"line":63,"column":61}},"30":{"start":{"line":64,"column":12},"end":{"line":64,"column":19}},"31":{"start":{"line":68,"column":8},"end":{"line":71,"column":9}},"32":{"start":{"line":69,"column":12},"end":{"line":69,"column":58}},"33":{"start":{"line":70,"column":12},"end":{"line":70,"column":19}},"34":{"start":{"line":73,"column":21},"end":{"line":73,"column":108}},"35":{"start":{"line":75,"column":8},"end":{"line":81,"column":9}},"36":{"start":{"line":76,"column":12},"end":{"line":76,"column":50}},"37":{"start":{"line":79,"column":12},"end":{"line":79,"column":50}},"38":{"start":{"line":80,"column":12},"end":{"line":80,"column":58}},"39":{"start":{"line":86,"column":4},"end":{"line":118,"column":6}},"40":{"start":{"line":88,"column":23},"end":{"line":92,"column":10}},"41":{"start":{"line":93,"column":26},"end":{"line":93,"column":51}},"42":{"start":{"line":95,"column":8},"end":{"line":98,"column":9}},"43":{"start":{"line":96,"column":12},"end":{"line":96,"column":61}},"44":{"start":{"line":97,"column":12},"end":{"line":97,"column":19}},"45":{"start":{"line":101,"column":8},"end":{"line":104,"column":9}},"46":{"start":{"line":102,"column":12},"end":{"line":102,"column":53}},"47":{"start":{"line":103,"column":12},"end":{"line":103,"column":19}},"48":{"start":{"line":106,"column":21},"end":{"line":106,"column":66}},"49":{"start":{"line":108,"column":8},"end":{"line":116,"column":9}},"50":{"start":{"line":109,"column":12},"end":{"line":109,"column":50}},"51":{"start":{"line":113,"column":23},"end":{"line":113,"column":56}},"52":{"start":{"line":114,"column":12},"end":{"line":114,"column":48}},"53":{"start":{"line":115,"column":12},"end":{"line":115,"column":56}},"54":{"start":{"line":121,"column":4},"end":{"line":138,"column":6}},"55":{"start":{"line":123,"column":8},"end":{"line":126,"column":9}},"56":{"start":{"line":124,"column":12},"end":{"line":124,"column":53}},"57":{"start":{"line":125,"column":12},"end":{"line":125,"column":19}},"58":{"start":{"line":128,"column":21},"end":{"line":128,"column":56}},"59":{"start":{"line":130,"column":8},"end":{"line":136,"column":9}},"60":{"start":{"line":131,"column":12},"end":{"line":131,"column":50}},"61":{"start":{"line":134,"column":12},"end":{"line":134,"column":62}},"62":{"start":{"line":135,"column":12},"end":{"line":135,"column":70}}},"fnMap":{"0":{"name":"(anonymous_0)","decl":{"start":{"line":4,"column":17},"end":{"line":4,"column":18}},"loc":{"start":{"line":4,"column":32},"end":{"line":141,"column":1}},"line":4},"1":{"name":"(anonymous_1)","decl":{"start":{"line":7,"column":21},"end":{"line":7,"column":22}},"loc":{"start":{"line":7,"column":45},"end":{"line":7,"column":83}},"line":7},"2":{"name":"(anonymous_2)","decl":{"start":{"line":11,"column":22},"end":{"line":11,"column":23}},"loc":{"start":{"line":11,"column":48},"end":{"line":25,"column":5}},"line":11},"3":{"name":"(anonymous_3)","decl":{"start":{"line":31,"column":22},"end":{"line":31,"column":23}},"loc":{"start":{"line":31,"column":42},"end":{"line":34,"column":9}},"line":31},"4":{"name":"(anonymous_4)","decl":{"start":{"line":38,"column":29},"end":{"line":38,"column":30}},"loc":{"start":{"line":38,"column":49},"end":{"line":47,"column":9}},"line":38},"5":{"name":"(anonymous_5)","decl":{"start":{"line":52,"column":23},"end":{"line":52,"column":24}},"loc":{"start":{"line":52,"column":43},"end":{"line":82,"column":9}},"line":52},"6":{"name":"(anonymous_6)","decl":{"start":{"line":86,"column":31},"end":{"line":86,"column":32}},"loc":{"start":{"line":86,"column":51},"end":{"line":117,"column":9}},"line":86},"7":{"name":"(anonymous_7)","decl":{"start":{"line":121,"column":32},"end":{"line":121,"column":33}},"loc":{"start":{"line":121,"column":52},"end":{"line":137,"column":9}},"line":121}},"branchMap":{"0":{"loc":{"start":{"line":13,"column":8},"end":{"line":19,"column":9}},"type":"if","locations":[{"start":{"line":13,"column":8},"end":{"line":19,"column":9}},{"start":{"line":13,"column":8},"end":{"line":19,"column":9}}],"line":13},"1":{"loc":{"start":{"line":15,"column":12},"end":{"line":18,"column":13}},"type":"if","locations":[{"start":{"line":15,"column":12},"end":{"line":18,"column":13}},{"start":{"line":15,"column":12},"end":{"line":18,"column":13}}],"line":15},"2":{"loc":{"start":{"line":20,"column":8},"end":{"line":23,"column":9}},"type":"if","locations":[{"start":{"line":20,"column":8},"end":{"line":23,"column":9}},{"start":{"line":20,"column":8},"end":{"line":23,"column":9}}],"line":20},"3":{"loc":{"start":{"line":40,"column":8},"end":{"line":46,"column":9}},"type":"if","locations":[{"start":{"line":40,"column":8},"end":{"line":46,"column":9}},{"start":{"line":40,"column":8},"end":{"line":46,"column":9}}],"line":40},"4":{"loc":{"start":{"line":62,"column":8},"end":{"line":65,"column":9}},"type":"if","locations":[{"start":{"line":62,"column":8},"end":{"line":65,"column":9}},{"start":{"line":62,"column":8},"end":{"line":65,"column":9}}],"line":62},"5":{"loc":{"start":{"line":68,"column":8},"end":{"line":71,"column":9}},"type":"if","locations":[{"start":{"line":68,"column":8},"end":{"line":71,"column":9}},{"start":{"line":68,"column":8},"end":{"line":71,"column":9}}],"line":68},"6":{"loc":{"start":{"line":75,"column":8},"end":{"line":81,"column":9}},"type":"if","locations":[{"start":{"line":75,"column":8},"end":{"line":81,"column":9}},{"start":{"line":75,"column":8},"end":{"line":81,"column":9}}],"line":75},"7":{"loc":{"start":{"line":95,"column":8},"end":{"line":98,"column":9}},"type":"if","locations":[{"start":{"line":95,"column":8},"end":{"line":98,"column":9}},{"start":{"line":95,"column":8},"end":{"line":98,"column":9}}],"line":95},"8":{"loc":{"start":{"line":101,"column":8},"end":{"line":104,"column":9}},"type":"if","locations":[{"start":{"line":101,"column":8},"end":{"line":104,"column":9}},{"start":{"line":101,"column":8},"end":{"line":104,"column":9}}],"line":101},"9":{"loc":{"start":{"line":108,"column":8},"end":{"line":116,"column":9}},"type":"if","locations":[{"start":{"line":108,"column":8},"end":{"line":116,"column":9}},{"start":{"line":108,"column":8},"end":{"line":116,"column":9}}],"line":108},"10":{"loc":{"start":{"line":123,"column":8},"end":{"line":126,"column":9}},"type":"if","locations":[{"start":{"line":123,"column":8},"end":{"line":126,"column":9}},{"start":{"line":123,"column":8},"end":{"line":126,"column":9}}],"line":123},"11":{"loc":{"start":{"line":130,"column":8},"end":{"line":136,"column":9}},"type":"if","locations":[{"start":{"line":130,"column":8},"end":{"line":136,"column":9}},{"start":{"line":130,"column":8},"end":{"line":136,"column":9}}],"line":130}},"s":{"0":1,"1":1,"2":1,"3":1,"4":1,"5":1,"6":1,"7":1,"8":19,"9":15,"10":15,"11":3,"12":3,"13":16,"14":1,"15":1,"16":15,"17":1,"18":1,"19":1,"20":1,"21":2,"22":2,"23":1,"24":1,"25":1,"26":7,"27":7,"28":7,"29":5,"30":5,"31":2,"32":1,"33":1,"34":1,"35":1,"36":0,"37":1,"38":1,"39":1,"40":4,"41":4,"42":4,"43":2,"44":2,"45":2,"46":1,"47":1,"48":1,"49":1,"50":0,"51":1,"52":1,"53":1,"54":1,"55":1,"56":0,"57":0,"58":1,"59":1,"60":0,"61":1,"62":1},"f":{"0":1,"1":1,"2":19,"3":1,"4":2,"5":7,"6":4,"7":1},"b":{"0":[15,4],"1":[3,12],"2":[1,15],"3":[1,1],"4":[5,2],"5":[1,1],"6":[0,1],"7":[2,2],"8":[1,1],"9":[0,1],"10":[0,1],"11":[0,1]},"_coverageSchema":"1a1c01bbd47fc00a2c39e90264f33305004495a9","hash":"992c8edea9189342c2d04208e999f10f7812ff8b","contentHash":"6ec258642b79e4ba10c8aa9e43dc57087be0d97140ed1b56cc8ed33e9b483919"},"/home/noenic/SAE/API/src/controlers/admin-controler.js":{"path":"/home/noenic/SAE/API/src/controlers/admin-controler.js","statementMap":{"0":{"start":{"line":1,"column":15},"end":{"line":1,"column":32}},"1":{"start":{"line":2,"column":23},"end":{"line":2,"column":42}},"2":{"start":{"line":4,"column":0},"end":{"line":38,"column":1}},"3":{"start":{"line":5,"column":18},"end":{"line":5,"column":34}},"4":{"start":{"line":6,"column":4},"end":{"line":12,"column":7}},"5":{"start":{"line":7,"column":8},"end":{"line":10,"column":9}},"6":{"start":{"line":8,"column":12},"end":{"line":8,"column":57}},"7":{"start":{"line":9,"column":12},"end":{"line":9,"column":19}},"8":{"start":{"line":11,"column":8},"end":{"line":11,"column":15}},"9":{"start":{"line":14,"column":4},"end":{"line":37,"column":6}},"10":{"start":{"line":16,"column":28},"end":{"line":16,"column":53}},"11":{"start":{"line":17,"column":28},"end":{"line":17,"column":69}},"12":{"start":{"line":19,"column":8},"end":{"line":21,"column":9}},"13":{"start":{"line":20,"column":12},"end":{"line":20,"column":53}},"14":{"start":{"line":23,"column":8},"end":{"line":26,"column":9}},"15":{"start":{"line":24,"column":24},"end":{"line":24,"column":67}},"16":{"start":{"line":25,"column":12},"end":{"line":25,"column":52}},"17":{"start":{"line":29,"column":8},"end":{"line":31,"column":9}},"18":{"start":{"line":30,"column":12},"end":{"line":30,"column":58}},"19":{"start":{"line":33,"column":8},"end":{"line":35,"column":9}},"20":{"start":{"line":34,"column":12},"end":{"line":34,"column":77}}},"fnMap":{"0":{"name":"(anonymous_0)","decl":{"start":{"line":4,"column":17},"end":{"line":4,"column":18}},"loc":{"start":{"line":4,"column":32},"end":{"line":38,"column":1}},"line":4},"1":{"name":"(anonymous_1)","decl":{"start":{"line":6,"column":22},"end":{"line":6,"column":23}},"loc":{"start":{"line":6,"column":48},"end":{"line":12,"column":5}},"line":6},"2":{"name":"(anonymous_2)","decl":{"start":{"line":14,"column":23},"end":{"line":14,"column":24}},"loc":{"start":{"line":14,"column":43},"end":{"line":36,"column":5}},"line":14}},"branchMap":{"0":{"loc":{"start":{"line":7,"column":8},"end":{"line":10,"column":9}},"type":"if","locations":[{"start":{"line":7,"column":8},"end":{"line":10,"column":9}},{"start":{"line":7,"column":8},"end":{"line":10,"column":9}}],"line":7},"1":{"loc":{"start":{"line":19,"column":8},"end":{"line":21,"column":9}},"type":"if","locations":[{"start":{"line":19,"column":8},"end":{"line":21,"column":9}},{"start":{"line":19,"column":8},"end":{"line":21,"column":9}}],"line":19},"2":{"loc":{"start":{"line":19,"column":12},"end":{"line":19,"column":65}},"type":"binary-expr","locations":[{"start":{"line":19,"column":12},"end":{"line":19,"column":26}},{"start":{"line":19,"column":30},"end":{"line":19,"column":65}}],"line":19},"3":{"loc":{"start":{"line":23,"column":8},"end":{"line":26,"column":9}},"type":"if","locations":[{"start":{"line":23,"column":8},"end":{"line":26,"column":9}},{"start":{"line":23,"column":8},"end":{"line":26,"column":9}}],"line":23},"4":{"loc":{"start":{"line":23,"column":12},"end":{"line":23,"column":64}},"type":"binary-expr","locations":[{"start":{"line":23,"column":12},"end":{"line":23,"column":26}},{"start":{"line":23,"column":30},"end":{"line":23,"column":64}}],"line":23},"5":{"loc":{"start":{"line":29,"column":8},"end":{"line":31,"column":9}},"type":"if","locations":[{"start":{"line":29,"column":8},"end":{"line":31,"column":9}},{"start":{"line":29,"column":8},"end":{"line":31,"column":9}}],"line":29},"6":{"loc":{"start":{"line":29,"column":12},"end":{"line":29,"column":44}},"type":"binary-expr","locations":[{"start":{"line":29,"column":12},"end":{"line":29,"column":27}},{"start":{"line":29,"column":31},"end":{"line":29,"column":44}}],"line":29},"7":{"loc":{"start":{"line":33,"column":8},"end":{"line":35,"column":9}},"type":"if","locations":[{"start":{"line":33,"column":8},"end":{"line":35,"column":9}},{"start":{"line":33,"column":8},"end":{"line":35,"column":9}}],"line":33}},"s":{"0":1,"1":1,"2":1,"3":1,"4":1,"5":8,"6":4,"7":4,"8":4,"9":1,"10":4,"11":4,"12":4,"13":1,"14":4,"15":1,"16":1,"17":4,"18":1,"19":4,"20":1},"f":{"0":1,"1":8,"2":4},"b":{"0":[4,4],"1":[1,3],"2":[4,2],"3":[1,3],"4":[4,2],"5":[1,3],"6":[4,2],"7":[1,3]},"_coverageSchema":"1a1c01bbd47fc00a2c39e90264f33305004495a9","hash":"960caa7afb39c299d6282e5aee2083ed2e910afa","contentHash":"3bedf56dcab17b521757a5c3167db11834298e6320de3d301205459cbe0860d7"},"/home/noenic/SAE/API/src/controlers/project-controler.js":{"path":"/home/noenic/SAE/API/src/controlers/project-controler.js","statementMap":{"0":{"start":{"line":1,"column":41},"end":{"line":1,"column":60}},"1":{"start":{"line":2,"column":16},"end":{"line":2,"column":41}},"2":{"start":{"line":3,"column":12},"end":{"line":3,"column":48}},"3":{"start":{"line":6,"column":0},"end":{"line":161,"column":1}},"4":{"start":{"line":7,"column":20},"end":{"line":7,"column":38}},"5":{"start":{"line":8,"column":18},"end":{"line":8,"column":34}},"6":{"start":{"line":9,"column":4},"end":{"line":9,"column":91}},"7":{"start":{"line":9,"column":49},"end":{"line":9,"column":88}},"8":{"start":{"line":13,"column":4},"end":{"line":27,"column":7}},"9":{"start":{"line":15,"column":8},"end":{"line":21,"column":9}},"10":{"start":{"line":16,"column":33},"end":{"line":16,"column":86}},"11":{"start":{"line":17,"column":12},"end":{"line":20,"column":13}},"12":{"start":{"line":18,"column":16},"end":{"line":18,"column":56}},"13":{"start":{"line":19,"column":16},"end":{"line":19,"column":23}},"14":{"start":{"line":22,"column":8},"end":{"line":25,"column":9}},"15":{"start":{"line":23,"column":12},"end":{"line":23,"column":57}},"16":{"start":{"line":24,"column":12},"end":{"line":24,"column":19}},"17":{"start":{"line":26,"column":8},"end":{"line":26,"column":15}},"18":{"start":{"line":33,"column":4},"end":{"line":37,"column":6}},"19":{"start":{"line":34,"column":21},"end":{"line":34,"column":44}},"20":{"start":{"line":35,"column":8},"end":{"line":35,"column":46}},"21":{"start":{"line":40,"column":4},"end":{"line":50,"column":6}},"22":{"start":{"line":41,"column":21},"end":{"line":41,"column":54}},"23":{"start":{"line":42,"column":8},"end":{"line":48,"column":9}},"24":{"start":{"line":43,"column":12},"end":{"line":43,"column":56}},"25":{"start":{"line":47,"column":12},"end":{"line":47,"column":50}},"26":{"start":{"line":54,"column":4},"end":{"line":90,"column":6}},"27":{"start":{"line":56,"column":23},"end":{"line":62,"column":10}},"28":{"start":{"line":63,"column":26},"end":{"line":63,"column":51}},"29":{"start":{"line":65,"column":8},"end":{"line":68,"column":9}},"30":{"start":{"line":66,"column":12},"end":{"line":66,"column":61}},"31":{"start":{"line":67,"column":12},"end":{"line":67,"column":19}},"32":{"start":{"line":70,"column":8},"end":{"line":70,"column":44}},"33":{"start":{"line":72,"column":8},"end":{"line":75,"column":9}},"34":{"start":{"line":73,"column":12},"end":{"line":73,"column":70}},"35":{"start":{"line":74,"column":12},"end":{"line":74,"column":19}},"36":{"start":{"line":80,"column":21},"end":{"line":80,"column":116}},"37":{"start":{"line":82,"column":8},"end":{"line":88,"column":9}},"38":{"start":{"line":83,"column":12},"end":{"line":83,"column":50}},"39":{"start":{"line":86,"column":12},"end":{"line":86,"column":50}},"40":{"start":{"line":87,"column":12},"end":{"line":87,"column":61}},"41":{"start":{"line":93,"column":4},"end":{"line":138,"column":6}},"42":{"start":{"line":95,"column":23},"end":{"line":101,"column":10}},"43":{"start":{"line":103,"column":26},"end":{"line":103,"column":51}},"44":{"start":{"line":105,"column":8},"end":{"line":108,"column":9}},"45":{"start":{"line":106,"column":12},"end":{"line":106,"column":61}},"46":{"start":{"line":107,"column":12},"end":{"line":107,"column":19}},"47":{"start":{"line":110,"column":8},"end":{"line":117,"column":9}},"48":{"start":{"line":111,"column":12},"end":{"line":111,"column":48}},"49":{"start":{"line":113,"column":12},"end":{"line":116,"column":13}},"50":{"start":{"line":114,"column":16},"end":{"line":114,"column":74}},"51":{"start":{"line":115,"column":16},"end":{"line":115,"column":23}},"52":{"start":{"line":121,"column":8},"end":{"line":124,"column":9}},"53":{"start":{"line":122,"column":12},"end":{"line":122,"column":56}},"54":{"start":{"line":123,"column":12},"end":{"line":123,"column":19}},"55":{"start":{"line":126,"column":21},"end":{"line":126,"column":66}},"56":{"start":{"line":128,"column":8},"end":{"line":136,"column":9}},"57":{"start":{"line":129,"column":12},"end":{"line":129,"column":50}},"58":{"start":{"line":133,"column":20},"end":{"line":133,"column":53}},"59":{"start":{"line":134,"column":12},"end":{"line":134,"column":45}},"60":{"start":{"line":135,"column":12},"end":{"line":135,"column":56}},"61":{"start":{"line":141,"column":4},"end":{"line":158,"column":6}},"62":{"start":{"line":143,"column":8},"end":{"line":146,"column":9}},"63":{"start":{"line":144,"column":12},"end":{"line":144,"column":56}},"64":{"start":{"line":145,"column":12},"end":{"line":145,"column":19}},"65":{"start":{"line":148,"column":21},"end":{"line":148,"column":56}},"66":{"start":{"line":150,"column":8},"end":{"line":156,"column":9}},"67":{"start":{"line":151,"column":12},"end":{"line":151,"column":50}},"68":{"start":{"line":154,"column":12},"end":{"line":154,"column":64}},"69":{"start":{"line":155,"column":12},"end":{"line":155,"column":75}}},"fnMap":{"0":{"name":"(anonymous_0)","decl":{"start":{"line":6,"column":17},"end":{"line":6,"column":18}},"loc":{"start":{"line":6,"column":32},"end":{"line":161,"column":1}},"line":6},"1":{"name":"(anonymous_1)","decl":{"start":{"line":9,"column":24},"end":{"line":9,"column":25}},"loc":{"start":{"line":9,"column":48},"end":{"line":9,"column":89}},"line":9},"2":{"name":"(anonymous_2)","decl":{"start":{"line":13,"column":25},"end":{"line":13,"column":26}},"loc":{"start":{"line":13,"column":51},"end":{"line":27,"column":5}},"line":13},"3":{"name":"(anonymous_3)","decl":{"start":{"line":33,"column":25},"end":{"line":33,"column":26}},"loc":{"start":{"line":33,"column":45},"end":{"line":36,"column":9}},"line":33},"4":{"name":"(anonymous_4)","decl":{"start":{"line":40,"column":29},"end":{"line":40,"column":30}},"loc":{"start":{"line":40,"column":49},"end":{"line":49,"column":9}},"line":40},"5":{"name":"(anonymous_5)","decl":{"start":{"line":54,"column":26},"end":{"line":54,"column":27}},"loc":{"start":{"line":54,"column":46},"end":{"line":89,"column":9}},"line":54},"6":{"name":"(anonymous_6)","decl":{"start":{"line":93,"column":31},"end":{"line":93,"column":32}},"loc":{"start":{"line":93,"column":51},"end":{"line":137,"column":9}},"line":93},"7":{"name":"(anonymous_7)","decl":{"start":{"line":141,"column":32},"end":{"line":141,"column":33}},"loc":{"start":{"line":141,"column":52},"end":{"line":157,"column":9}},"line":141}},"branchMap":{"0":{"loc":{"start":{"line":15,"column":8},"end":{"line":21,"column":9}},"type":"if","locations":[{"start":{"line":15,"column":8},"end":{"line":21,"column":9}},{"start":{"line":15,"column":8},"end":{"line":21,"column":9}}],"line":15},"1":{"loc":{"start":{"line":17,"column":12},"end":{"line":20,"column":13}},"type":"if","locations":[{"start":{"line":17,"column":12},"end":{"line":20,"column":13}},{"start":{"line":17,"column":12},"end":{"line":20,"column":13}}],"line":17},"2":{"loc":{"start":{"line":22,"column":8},"end":{"line":25,"column":9}},"type":"if","locations":[{"start":{"line":22,"column":8},"end":{"line":25,"column":9}},{"start":{"line":22,"column":8},"end":{"line":25,"column":9}}],"line":22},"3":{"loc":{"start":{"line":42,"column":8},"end":{"line":48,"column":9}},"type":"if","locations":[{"start":{"line":42,"column":8},"end":{"line":48,"column":9}},{"start":{"line":42,"column":8},"end":{"line":48,"column":9}}],"line":42},"4":{"loc":{"start":{"line":65,"column":8},"end":{"line":68,"column":9}},"type":"if","locations":[{"start":{"line":65,"column":8},"end":{"line":68,"column":9}},{"start":{"line":65,"column":8},"end":{"line":68,"column":9}}],"line":65},"5":{"loc":{"start":{"line":72,"column":8},"end":{"line":75,"column":9}},"type":"if","locations":[{"start":{"line":72,"column":8},"end":{"line":75,"column":9}},{"start":{"line":72,"column":8},"end":{"line":75,"column":9}}],"line":72},"6":{"loc":{"start":{"line":82,"column":8},"end":{"line":88,"column":9}},"type":"if","locations":[{"start":{"line":82,"column":8},"end":{"line":88,"column":9}},{"start":{"line":82,"column":8},"end":{"line":88,"column":9}}],"line":82},"7":{"loc":{"start":{"line":105,"column":8},"end":{"line":108,"column":9}},"type":"if","locations":[{"start":{"line":105,"column":8},"end":{"line":108,"column":9}},{"start":{"line":105,"column":8},"end":{"line":108,"column":9}}],"line":105},"8":{"loc":{"start":{"line":110,"column":8},"end":{"line":117,"column":9}},"type":"if","locations":[{"start":{"line":110,"column":8},"end":{"line":117,"column":9}},{"start":{"line":110,"column":8},"end":{"line":117,"column":9}}],"line":110},"9":{"loc":{"start":{"line":113,"column":12},"end":{"line":116,"column":13}},"type":"if","locations":[{"start":{"line":113,"column":12},"end":{"line":116,"column":13}},{"start":{"line":113,"column":12},"end":{"line":116,"column":13}}],"line":113},"10":{"loc":{"start":{"line":121,"column":8},"end":{"line":124,"column":9}},"type":"if","locations":[{"start":{"line":121,"column":8},"end":{"line":124,"column":9}},{"start":{"line":121,"column":8},"end":{"line":124,"column":9}}],"line":121},"11":{"loc":{"start":{"line":128,"column":8},"end":{"line":136,"column":9}},"type":"if","locations":[{"start":{"line":128,"column":8},"end":{"line":136,"column":9}},{"start":{"line":128,"column":8},"end":{"line":136,"column":9}}],"line":128},"12":{"loc":{"start":{"line":143,"column":8},"end":{"line":146,"column":9}},"type":"if","locations":[{"start":{"line":143,"column":8},"end":{"line":146,"column":9}},{"start":{"line":143,"column":8},"end":{"line":146,"column":9}}],"line":143},"13":{"loc":{"start":{"line":150,"column":8},"end":{"line":156,"column":9}},"type":"if","locations":[{"start":{"line":150,"column":8},"end":{"line":156,"column":9}},{"start":{"line":150,"column":8},"end":{"line":156,"column":9}}],"line":150}},"s":{"0":1,"1":1,"2":1,"3":1,"4":1,"5":1,"6":1,"7":1,"8":1,"9":19,"10":15,"11":15,"12":3,"13":3,"14":16,"15":1,"16":1,"17":15,"18":1,"19":1,"20":1,"21":1,"22":2,"23":2,"24":1,"25":1,"26":1,"27":7,"28":7,"29":7,"30":4,"31":4,"32":3,"33":3,"34":1,"35":1,"36":2,"37":2,"38":0,"39":2,"40":2,"41":1,"42":3,"43":3,"44":3,"45":0,"46":0,"47":3,"48":1,"49":1,"50":1,"51":1,"52":2,"53":1,"54":1,"55":1,"56":1,"57":0,"58":1,"59":1,"60":1,"61":1,"62":2,"63":1,"64":1,"65":1,"66":1,"67":0,"68":1,"69":1},"f":{"0":1,"1":1,"2":19,"3":1,"4":2,"5":7,"6":3,"7":2},"b":{"0":[15,4],"1":[3,12],"2":[1,15],"3":[1,1],"4":[4,3],"5":[1,2],"6":[0,2],"7":[0,3],"8":[1,2],"9":[1,0],"10":[1,1],"11":[0,1],"12":[1,1],"13":[0,1]},"_coverageSchema":"1a1c01bbd47fc00a2c39e90264f33305004495a9","hash":"22224491abaa7d83e6b3f43393ef097feb6216f9","contentHash":"f452a7c0120b5bd51fd49066a2f7fc5bd4052d04d8026451acebc24bb97eee06"},"/home/noenic/SAE/API/src/controlers/ressource-controler.js":{"path":"/home/noenic/SAE/API/src/controlers/ressource-controler.js","statementMap":{"0":{"start":{"line":1,"column":41},"end":{"line":1,"column":60}},"1":{"start":{"line":2,"column":16},"end":{"line":2,"column":41}},"2":{"start":{"line":3,"column":12},"end":{"line":3,"column":48}},"3":{"start":{"line":6,"column":0},"end":{"line":143,"column":1}},"4":{"start":{"line":7,"column":22},"end":{"line":7,"column":42}},"5":{"start":{"line":8,"column":18},"end":{"line":8,"column":34}},"6":{"start":{"line":9,"column":4},"end":{"line":9,"column":95}},"7":{"start":{"line":9,"column":51},"end":{"line":9,"column":92}},"8":{"start":{"line":13,"column":4},"end":{"line":27,"column":7}},"9":{"start":{"line":15,"column":8},"end":{"line":21,"column":9}},"10":{"start":{"line":16,"column":33},"end":{"line":16,"column":86}},"11":{"start":{"line":17,"column":12},"end":{"line":20,"column":13}},"12":{"start":{"line":18,"column":16},"end":{"line":18,"column":56}},"13":{"start":{"line":19,"column":16},"end":{"line":19,"column":23}},"14":{"start":{"line":22,"column":8},"end":{"line":25,"column":9}},"15":{"start":{"line":23,"column":12},"end":{"line":23,"column":57}},"16":{"start":{"line":24,"column":12},"end":{"line":24,"column":19}},"17":{"start":{"line":26,"column":8},"end":{"line":26,"column":15}},"18":{"start":{"line":33,"column":4},"end":{"line":37,"column":6}},"19":{"start":{"line":34,"column":21},"end":{"line":34,"column":46}},"20":{"start":{"line":35,"column":8},"end":{"line":35,"column":46}},"21":{"start":{"line":40,"column":4},"end":{"line":50,"column":6}},"22":{"start":{"line":41,"column":21},"end":{"line":41,"column":56}},"23":{"start":{"line":42,"column":8},"end":{"line":48,"column":9}},"24":{"start":{"line":43,"column":12},"end":{"line":43,"column":58}},"25":{"start":{"line":47,"column":12},"end":{"line":47,"column":50}},"26":{"start":{"line":54,"column":4},"end":{"line":83,"column":6}},"27":{"start":{"line":56,"column":23},"end":{"line":61,"column":10}},"28":{"start":{"line":62,"column":26},"end":{"line":62,"column":51}},"29":{"start":{"line":64,"column":8},"end":{"line":67,"column":9}},"30":{"start":{"line":65,"column":12},"end":{"line":65,"column":61}},"31":{"start":{"line":66,"column":12},"end":{"line":66,"column":19}},"32":{"start":{"line":69,"column":8},"end":{"line":69,"column":44}},"33":{"start":{"line":73,"column":21},"end":{"line":73,"column":106}},"34":{"start":{"line":75,"column":8},"end":{"line":81,"column":9}},"35":{"start":{"line":76,"column":12},"end":{"line":76,"column":50}},"36":{"start":{"line":79,"column":12},"end":{"line":79,"column":50}},"37":{"start":{"line":80,"column":12},"end":{"line":80,"column":63}},"38":{"start":{"line":86,"column":4},"end":{"line":120,"column":6}},"39":{"start":{"line":88,"column":23},"end":{"line":93,"column":10}},"40":{"start":{"line":95,"column":26},"end":{"line":95,"column":51}},"41":{"start":{"line":97,"column":8},"end":{"line":100,"column":9}},"42":{"start":{"line":98,"column":12},"end":{"line":98,"column":61}},"43":{"start":{"line":99,"column":12},"end":{"line":99,"column":19}},"44":{"start":{"line":103,"column":8},"end":{"line":106,"column":9}},"45":{"start":{"line":104,"column":12},"end":{"line":104,"column":58}},"46":{"start":{"line":105,"column":12},"end":{"line":105,"column":19}},"47":{"start":{"line":108,"column":21},"end":{"line":108,"column":68}},"48":{"start":{"line":110,"column":8},"end":{"line":118,"column":9}},"49":{"start":{"line":111,"column":12},"end":{"line":111,"column":50}},"50":{"start":{"line":115,"column":20},"end":{"line":115,"column":55}},"51":{"start":{"line":116,"column":12},"end":{"line":116,"column":45}},"52":{"start":{"line":117,"column":12},"end":{"line":117,"column":58}},"53":{"start":{"line":123,"column":4},"end":{"line":140,"column":6}},"54":{"start":{"line":125,"column":8},"end":{"line":128,"column":9}},"55":{"start":{"line":126,"column":12},"end":{"line":126,"column":58}},"56":{"start":{"line":127,"column":12},"end":{"line":127,"column":19}},"57":{"start":{"line":130,"column":21},"end":{"line":130,"column":58}},"58":{"start":{"line":132,"column":8},"end":{"line":138,"column":9}},"59":{"start":{"line":133,"column":12},
[...]
}},"line":33},"4":{"name":"(anonymous_4)","decl":{"start":{"line":40,"column":31},"end":{"line":40,"column":32}},"loc":{"start":{"line":40,"column":51},"end":{"line":49,"column":9}},"line":40},"5":{"name":"(anonymous_5)","decl":{"start":{"line":54,"column":28},"end":{"line":54,"column":29}},"loc":{"start":{"line":54,"column":48},"end":{"line":82,"column":9}},"line":54},"6":{"name":"(anonymous_6)","decl":{"start":{"line":86,"column":33},"end":{"line":86,"column":34}},"loc":{"start":{"line":86,"column":53},"end":{"line":119,"column":9}},"line":86},"7":{"name":"(anonymous_7)","decl":{"start":{"line":123,"column":34},"end":{"line":123,"column":35}},"loc":{"start":{"line":123,"column":54},"end":{"line":139,"column":9}},"line":123}},"branchMap":{"0":{"loc":{"start":{"line":15,"column":8},"end":{"line":21,"column":9}},"type":"if","locations":[{"start":{"line":15,"column":8},"end":{"line":21,"column":9}},{"start":{"line":15,"column":8},"end":{"line":21,"column":9}}],"line":15},"1":{"loc":{"start":{"line":17,"column":12},"end":{"line":20,"column":13}},"type":"if","locations":[{"start":{"line":17,"column":12},"end":{"line":20,"column":13}},{"start":{"line":17,"column":12},"end":{"line":20,"column":13}}],"line":17},"2":{"loc":{"start":{"line":22,"column":8},"end":{"line":25,"column":9}},"type":"if","locations":[{"start":{"line":22,"column":8},"end":{"line":25,"column":9}},{"start":{"line":22,"column":8},"end":{"line":25,"column":9}}],"line":22},"3":{"loc":{"start":{"line":42,"column":8},"end":{"line":48,"column":9}},"type":"if","locations":[{"start":{"line":42,"column":8},"end":{"line":48,"column":9}},{"start":{"line":42,"column":8},"end":{"line":48,"column":9}}],"line":42},"4":{"loc":{"start":{"line":64,"column":8},"end":{"line":67,"column":9}},"type":"if","locations":[{"start":{"line":64,"column":8},"end":{"line":67,"column":9}},{"start":{"line":64,"column":8},"end":{"line":67,"column":9}}],"line":64},"5":{"loc":{"start":{"line":75,"column":8},"end":{"line":81,"column":9}},"type":"if","locations":[{"start":{"line":75,"column":8},"end":{"line":81,"column":9}},{"start":{"line":75,"column":8},"end":{"line":81,"column":9}}],"line":75},"6":{"loc":{"start":{"line":97,"column":8},"end":{"line":100,"column":9}},"type":"if","locations":[{"start":{"line":97,"column":8},"end":{"line":100,"column":9}},{"start":{"line":97,"column":8},"end":{"line":100,"column":9}}],"line":97},"7":{"loc":{"start":{"line":103,"column":8},"end":{"line":106,"column":9}},"type":"if","locations":[{"start":{"line":103,"column":8},"end":{"line":106,"column":9}},{"start":{"line":103,"column":8},"end":{"line":106,"column":9}}],"line":103},"8":{"loc":{"start":{"line":110,"column":8},"end":{"line":118,"column":9}},"type":"if","locations":[{"start":{"line":110,"column":8},"end":{"line":118,"column":9}},{"start":{"line":110,"column":8},"end":{"line":118,"column":9}}],"line":110},"9":{"loc":{"start":{"line":125,"column":8},"end":{"line":128,"column":9}},"type":"if","locations":[{"start":{"line":125,"column":8},"end":{"line":128,"column":9}},{"start":{"line":125,"column":8},"end":{"line":128,"column":9}}],"line":125},"10":{"loc":{"start":{"line":132,"column":8},"end":{"line":138,"column":9}},"type":"if","locations":[{"start":{"line":132,"column":8},"end":{"line":138,"column":9}},{"start":{"line":132,"column":8},"end":{"line":138,"column":9}}],"line":132}},"s":{"0":1,"1":1,"2":1,"3":1,"4":1,"5":1,"6":1,"7":1,"8":1,"9":17,"10":12,"11":12,"12":3,"13":3,"14":14,"15":1,"16":1,"17":13,"18":1,"19":1,"20":1,"21":1,"22":3,"23":3,"24":2,"25":1,"26":1,"27":4,"28":4,"29":4,"30":3,"31":3,"32":1,"33":1,"34":1,"35":0,"36":1,"37":1,"38":1,"39":3,"40":3,"41":3,"42":1,"43":1,"44":2,"45":1,"46":1,"47":1,"48":1,"49":0,"50":1,"51":1,"52":1,"53":1,"54":2,"55":1,"56":1,"57":1,"58":1,"59":0,"60":1,"61":1},"f":{"0":1,"1":1,"2":17,"3":1,"4":3,"5":4,"6":3,"7":2},"b":{"0":[12,5],"1":[3,9],"2":[1,13],"3":[2,1],"4":[3,1],"5":[0,1],"6":[1,2],"7":[1,1],"8":[0,1],"9":[1,1],"10":[0,1]},"_coverageSchema":"1a1c01bbd47fc00a2c39e90264f33305004495a9","hash":"3b9fbbb7584113a37568042421985f0eb5ec8a74","contentHash":"7d0fee2e25b25754df0729b124e8783a4272262bfdfbec7f355a2d6d460e26a8"},"/home/noenic/SAE/API/src/controlers/session-controler.js":{"path":"/home/noenic/SAE/API/src/controlers/session-controler.js","statementMap":{"0":{"start":{"line":1,"column":41},"end":{"line":1,"column":60}},"1":{"start":{"line":2,"column":16},"end":{"line":2,"column":41}},"2":{"start":{"line":3,"column":12},"end":{"line":3,"column":48}},"3":{"start":{"line":6,"column":0},"end":{"line":201,"column":1}},"4":{"start":{"line":7,"column":20},"end":{"line":7,"column":38}},"5":{"start":{"line":8,"column":18},"end":{"line":8,"column":34}},"6":{"start":{"line":9,"column":4},"end":{"line":9,"column":91}},"7":{"start":{"line":9,"column":49},"end":{"line":9,"column":88}},"8":{"start":{"line":13,"column":4},"end":{"line":27,"column":7}},"9":{"start":{"line":15,"column":8},"end":{"line":21,"column":9}},"10":{"start":{"line":16,"column":33},"end":{"line":16,"column":86}},"11":{"start":{"line":17,"column":12},"end":{"line":20,"column":13}},"12":{"start":{"line":18,"column":16},"end":{"line":18,"column":56}},"13":{"start":{"line":19,"column":16},"end":{"line":19,"column":23}},"14":{"start":{"line":22,"column":8},"end":{"line":25,"column":9}},"15":{"start":{"line":23,"column":12},"end":{"line":23,"column":57}},"16":{"start":{"line":24,"column":12},"end":{"line":24,"column":19}},"17":{"start":{"line":26,"column":8},"end":{"line":26,"column":15}},"18":{"start":{"line":33,"column":4},"end":{"line":37,"column":6}},"19":{"start":{"line":34,"column":21},"end":{"line":34,"column":44}},"20":{"start":{"line":35,"column":8},"end":{"line":35,"column":46}},"21":{"start":{"line":40,"column":4},"end":{"line":50,"column":6}},"22":{"start":{"line":41,"column":21},"end":{"line":41,"column":54}},"23":{"start":{"line":42,"column":8},"end":{"line":48,"column":9}},"24":{"start":{"line":43,"column":12},"end":{"line":43,"column":56}},"25":{"start":{"line":47,"column":12},"end":{"line":47,"column":50}},"26":{"start":{"line":54,"column":4},"end":{"line":100,"column":6}},"27":{"start":{"line":56,"column":23},"end":{"line":61,"column":10}},"28":{"start":{"line":62,"column":26},"end":{"line":62,"column":51}},"29":{"start":{"line":64,"column":8},"end":{"line":67,"column":9}},"30":{"start":{"line":65,"column":12},"end":{"line":65,"column":61}},"31":{"start":{"line":66,"column":12},"end":{"line":66,"column":19}},"32":{"start":{"line":69,"column":8},"end":{"line":71,"column":9}},"33":{"start":{"line":70,"column":12},"end":{"line":70,"column":19}},"34":{"start":{"line":74,"column":29},"end":{"line":74,"column":87}},"35":{"start":{"line":75,"column":8},"end":{"line":78,"column":9}},"36":{"start":{"line":76,"column":12},"end":{"line":76,"column":65}},"37":{"start":{"line":77,"column":12},"end":{"line":77,"column":19}},"38":{"start":{"line":81,"column":8},"end":{"line":87,"column":9}},"39":{"start":{"line":82,"column":12},"end":{"line":82,"column":37}},"40":{"start":{"line":83,"column":12},"end":{"line":86,"column":13}},"41":{"start":{"line":84,"column":16},"end":{"line":84,"column":81}},"42":{"start":{"line":85,"column":16},"end":{"line":85,"column":23}},"43":{"start":{"line":90,"column":21},"end":{"line":90,"column":119}},"44":{"start":{"line":92,"column":8},"end":{"line":98,"column":9}},"45":{"start":{"line":93,"column":12},"end":{"line":93,"column":50}},"46":{"start":{"line":96,"column":12},"end":{"line":96,"column":50}},"47":{"start":{"line":97,"column":12},"end":{"line":97,"column":61}},"48":{"start":{"line":103,"column":4},"end":{"line":150,"column":6}},"49":{"start":{"line":105,"column":23},"end":{"line":107,"column":10}},"50":{"start":{"line":109,"column":26},"end":{"line":109,"column":51}},"51":{"start":{"line":111,"column":8},"end":{"line":114,"column":9}},"52":{"start":{"line":112,"column":12},"end":{"line":112,"column":61}},"53":{"start":{"line":113,"column":12},"end":{"line":113,"column":19}},"54":{"start":{"line":117,"column":8},"end":{"line":119,"column":9}},"55":{"start":{"line":118,"column":12},"end":{"line":118,"column":19}},"56":{"start":{"line":121,"column":22},"end":{"line":121,"column":55}},"57":{"start":{"line":123,"column":8},"end":{"line":126,"column":9}},"58":{"start":{"line":124,"column":12},"end":{"line":124,"column":64}},"59":{"start":{"line":125,"column":12},"end":{"line":125,"column":19}},"60":{"start":{"line":130,"column":8},"end":{"line":137,"column":9}},"61":{"start":{"line":131,"column":12},"end":{"line":131,"column":37}},"62":{"start":{"line":133,"column":12},"end":{"line":136,"column":13}},"63":{"start":{"line":134,"column":16},"end":{"line":134,"column":81}},"64":{"start":{"line":135,"column":16},"end":{"line":135,"column":23}},"65":{"start":{"line":138,"column":21},"end":{"line":138,"column":66}},"66":{"start":{"line":140,"column":8},"end":{"line":148,"column":9}},"67":{"start":{"line":141,"column":12},"end":{"line":141,"column":50}},"68":{"start":{"line":145,"column":20},"end":{"line":145,"column":53}},"69":{"start":{"line":146,"column":12},"end":{"line":146,"column":45}},"70":{"start":{"line":147,"column":12},"end":{"line":147,"column":56}},"71":{"start":{"line":153,"column":4},"end":{"line":169,"column":6}},"72":{"start":{"line":155,"column":8},"end":{"line":157,"column":9}},"73":{"start":{"line":156,"column":12},"end":{"line":156,"column":19}},"74":{"start":{"line":159,"column":21},"end":{"line":159,"column":56}},"75":{"start":{"line":161,"column":8},"end":{"line":167,"column":9}},"76":{"start":{"line":162,"column":12},"end":{"line":162,"column":50}},"77":{"start":{"line":165,"column":12},"end":{"line":165,"column":64}},"78":{"start":{"line":166,"column":12},"end":{"line":166,"column":75}},"79":{"start":{"line":176,"column":8},"end":{"line":181,"column":9}},"80":{"start":{"line":177,"column":12},"end":{"line":180,"column":13}},"81":{"start":{"line":178,"column":16},"end":{"line":178,"column":60}},"82":{"start":{"line":179,"column":16},"end":{"line":179,"column":29}},"83":{"start":{"line":183,"column":8},"end":{"line":189,"column":9}},"84":{"start":{"line":184,"column":28},"end":{"line":184,"column":46}},"85":{"start":{"line":185,"column":12},"end":{"line":188,"column":13}},"86":{"start":{"line":186,"column":16},"end":{"line":186,"column":60}},"87":{"start":{"line":187,"column":16},"end":{"line":187,"column":29}},"88":{"start":{"line":191,"column":8},"end":{"line":197,"column":9}},"89":{"start":{"line":192,"column":25},"end":{"line":192,"column":40}},"90":{"start":{"line":193,"column":12},"end":{"line":196,"column":13}},"91":{"start":{"line":194,"column":16},"end":{"line":194,"column":57}},"92":{"start":{"line":195,"column":16},"end":{"line":195,"column":29}},"93":{"start":{"line":198,"column":8},"end":{"line":198,"column":20}}},"fnMap":{"0":{"name":"(anonymous_0)","decl":{"start":{"line":6,"column":17},"end":{"line":6,"column":18}},"loc":{"start":{"line":6,"column":32},"end":{"line":201,"column":1}},"line":6},"1":{"name":"(anonymous_1)","decl":{"start":{"line":9,"column":24},"end":{"line":9,"column":25}},"loc":{"start":{"line":9,"column":48},"end":{"line":9,"column":89}},"line":9},"2":{"name":"(anonymous_2)","decl":{"start":{"line":13,"column":25},"end":{"line":13,"column":26}},"loc":{"start":{"line":13,"column":51},"end":{"line":27,"column":5}},"line":13},"3":{"name":"(anonymous_3)","decl":{"start":{"line":33,"column":25},"end":{"line":33,"column":26}},"loc":{"start":{"line":33,"column":45},"end":{"line":36,"column":9}},"line":33},"4":{"name":"(anonymous_4)","decl":{"start":{"line":40,"column":29},"end":{"line":40,"column":30}},"loc":{"start":{"line":40,"column":49},"end":{"line":49,"column":9}},"line":40},"5":{"name":"(anonymous_5)","decl":{"start":{"line":54,"column":26},"end":{"line":54,"column":27}},"loc":{"start":{"line":54,"column":46},"end":{"line":99,"column":9}},"line":54},"6":{"name":"(anonymous_6)","decl":{"start":{"line":103,"column":31},"end":{"line":103,"column":32}},"loc":{"start":{"line":103,"column":51},"end":{"line":149,"column":9}},"line":103},"7":{"name":"(anonymous_7)","decl":{"start":{"line":153,"column":32},"end":{"line":153,"column":33}},"loc":{"start":{"line":153,"column":52},"end":{"line":168,"column":9}},"line":153},"8":{"name":"checkDependencies","decl":{"start":{"line":174,"column":19},"end":{"line":174,"column":36}},"loc":{"start":{"line":174,"column":89},"end":{"line":199,"column":5}},"line":174}},"branchMap":{"0":{"loc":{"start":{"line":15,"column":8},"end":{"line":21,"column":9}},"type":"if","locations":[{"start":{"line":15,"column":8},"end":{"line":21,"column":9}},{"start":{"line":15,"column":8},"end":{"line":21,"column":9}}],"line":15},"1":{"loc":{"start":{"line":17,"column":12},"end":{"line":20,"column":13}},"type":"if","locations":[{"start":{"line":17,"column":12},"end":{"line":20,"column":13}},{"start":{"line":17,"column":12},"end":{"line":20,"column":13}}],"line":17},"2":{"loc":{"start":{"line":22,"column":8},"end":{"line":25,"column":9}},"type":"if","locations":[{"start":{"line":22,"column":8},"end":{"line":25,"column":9}},{"start":{"line":22,"column":8},"end":{"line":25,"column":9}}],"line":22},"3":{"loc":{"start":{"line":42,"column":8},"end":{"line":48,"column":9}},"type":"if","locations":[{"start":{"line":42,"column":8},"end":{"line":48,"column":9}},{"start":{"line":42,"column":8},"end":{"line":48,"column":9}}],"line":42},"4":{"loc":{"start":{"line":64,"column":8},"end":{"line":67,"column":9}},"type":"if","locations":[{"start":{"line":64,"column":8},"end":{"line":67,"column":9}},{"start":{"line":64,"column":8},"end":{"line":67,"column":9}}],"line":64},"5":{"loc":{"start":{"line":69,"column":8},"end":{"line":71,"column":9}},"type":"if","locations":[{"start":{"line":69,"column":8},"end":{"line":71,"column":9}},{"start":{"line":69,"column":8},"end":{"line":71,"column":9}}],"line":69},"6":{"loc":{"start":{"line":75,"column":8},"end":{"line":78,"column":9}},"type":"if","locations":[{"start":{"line":75,"column":8},"end":{"line":78,"column":9}},{"start":{"line":75,"column":8},"end":{"line":78,"column":9}}],"line":75},"7":{"loc":{"start":{"line":81,"column":8},"end":{"line":87,"column":9}},"type":"if","locations":[{"start":{"line":81,"column":8},"end":{"line":87,"column":9}},{"start":{"line":81,"column":8},"end":{"line":87,"column":9}}],"line":81},"8":{"loc":{"start":{"line":83,"column":12},"end":{"line":86,"column":13}},"type":"if","locations":[{"start":{"line":83,"column":12},"end":{"line":86,"column":13}},{"start":{"line":83,"column":12},"end":{"line":86,"column":13}}],"line":83},"9":{"loc":{"start":{"line":92,"column":8},"end":{"line":98,"column":9}},"type":"if","locations":[{"start":{"line":92,"column":8},"end":{"line":98,"column":9}},{"start":{"line":92,"column":8},"end":{"line":98,"column":9}}],"line":92},"10":{"loc":{"start":{"line":111,"column":8},"end":{"line":114,"column":9}},"type":"if","locations":[{"start":{"line":111,"column":8},"end":{"line":114,"column":9}},{"start":{"line":111,"column":8},"end":{"line":114,"column":9}}],"line":111},"11":{"loc":{"start":{"line":117,"column":8},"end":{"line":119,"column":9}},"type":"if","locations":[{"start":{"line":117,"column":8},"end":{"line":119,"column":9}},{"start":{"line":117,"column":8},"end":{"line":119,"column":9}}],"line":117},"12":{"loc":{"start":{"line":123,"column":8},"end":{"line":126,"column":9}},"type":"if","locations":[{"start":{"line":123,"column":8},"end":{"line":126,"column":9}},{"start":{"line":123,"column":8},"end":{"line":126,"column":9}}],"line":123},"13":{"loc":{"start":{"line":130,"column":8},"end":{"line":137,"column":9}},"type":"if","locations":[{"start":{"line":130,"column":8},"end":{"line":137,"column":9}},{"start":{"line":130,"column":8},"end":{"line":137,"column":9}}],"line":130},"14":{"loc":{"start":{"line":133,"column":12},"end":{"line":136,"column":13}},"type":"if","locations":[{"start":{"line":133,"column":12},"end":{"line":136,"column":13}},{"start":{"line":133,"column":12},"end":{"line":136,"column":13}}],"line":133},"15":{"loc":{"start":{"line":140,"column":8},"end":{"line":148,"column":9}},"type":"if","locations":[{"start":{"line":140,"column":8},"end":{"line":148,"column":9}},{"start":{"line":140,"column":8},"end":{"line":148,"column":9}}],"line":140},"16":{"loc":{"start":{"line":155,"column":8},"end":{"line":157,"column":9}},"type":"if","locations":[{"start":{"line":155,"column":8},"end":{"line":157,"column":9}},{"start":{"line":155,"column":8},"end":{"line":157,"column":9}}],"line":155},"17":{"loc":{"start":{"line":161,"column":8},"end":{"line":167,"column":9}},"type":"if","locations":[{"start":{"line":161,"column":8},"end":{"line":167,"column":9}},{"start":{"line":161,"column":8},"end":{"line":167,"column":9}}],"line":161},"18":{"loc":{"start":{"line":174,"column":41},"end":{"line":174,"column":56}},"type":"default-arg","locations":[{"start":{"line":174,"column":52},"end":{"line":174,"column":56}}],"line":174},"19":{"loc":{"start":{"line":174,"column":57},"end":{"line":174,"column":72}},"type":"default-arg","locations":[{"start":{"line":174,"column":68},"end":{"line":174,"column":72}}],"line":174},"20":{"loc":{"start":{"line":174,"column":73},"end":{"line":174,"column":88}},"type":"default-arg","locations":[{"start":{"line":174,"column":84},"end":{"line":174,"column":88}}],"line":174},"21":{"loc":{"start":{"line":176,"column":8},"end":{"line":181,"column":9}},"type":"if","locations":[{"start":{"line":176,"column":8},"end":{"line":181,"column":9}},{"start":{"line":176,"column":8},"end":{"line":181,"column":9}}],"line":176},"22":{"loc":{"start":{"line":177,"column":12},"end":{"line":180,"column":13}},"type":"if","locations":[{"start":{"line":177,"column":12},"end":{"line":180,"column":13}},{"start":{"line":177,"column":12},"end":{"line":180,"column":13}}],"line":177},"23":{"loc":{"start":{"line":183,"column":8},"end":{"line":189,"column":9}},"type":"if","locations":[{"start":{"line":183,"column":8},"end":{"line":189,"column":9}},{"start":{"line":183,"column":8},"end":{"line":189,"column":9}}],"line":183},"24":{"loc":{"start":{"line":185,"column":12},"end":{"line":188,"column":13}},"type":"if","locations":[{"start":{"line":185,"column":12},"end":{"line":188,"column":13}},{"start":{"line":185,"column":12},"end":{"line":188,"column":13}}],"line":185},"25":{"loc":{"start":{"line":191,"column":8},"end":{"line":197,"column":9}},"type":"if","locations":[{"start":{"line":191,"column":8},"end":{"line":197,"column":9}},{"start":{"line":191,"column":8},"end":{"line":197,"column":9}}],"line":191},"26":{"loc":{"start":{"line":193,"column":12},"end":{"line":196,"column":13}},"type":"if","locations":[{"start":{"line":193,"column":12},"end":{"line":196,"column":13}},{"start":{"line":193,"column":12},"end":{"line":196,"column":13}}],"line":193}},"s":{"0":1,"1":1,"2":1,"3":1,"4":1,"5":1,"6":1,"7":1,"8":1,"9":22,"10":4,"11":4,"12":1,"13":1,"14":21,"15":1,"16":1,"17":20,"18":1,"19":1,"20":1,"21":1,"22":1,"23":1,"24":0,"25":1,"26":1,"27":10,"28":10,"29":10,"30":5,"31":5,"32":5,"33":2,"34":3,"35":3,"36":1,"37":1,"38":2,"39":1,"40":1,"41":1,"42":1,"43":1,"44":1,"45":0,"46":1,"47":1,"48":1,"49":5,"50":5,"51":5,"52":2,"53":2,"54":3,"55":0,"56":3,"57":3,"58":1,"59":1,"60":2,"61":2,"62":2,"63":1,"64":1,"65":1,"66":1,"67":0,"68":1,"69":1,"70":1,"71":1,"72":3,"73":2,"74":1,"75":1,"76":0,"77":1,"78":1,"79":11,"80":6,"81":2,"82":2,"83":9,"84":5,"85":5,"86":1,"87":1,"88":8,"89":4,"90":4,"91":1,"92":1,"93":7},"f":{"0":1,"1":1,"2":22,"3":1,"4":1,"5":10,"6":5,"7":3,"8":11},"b":{"0":[4,18],"1":[1,3],"2":[1,20],"3":[0,1],"4":[5,5],"5":[2,3],"6":[1,2],"7":[1,1],"8":[1,0],"9":[0,1],"10":[2,3],"11":[0,3],"12":[1,2],"13":[2,0],"14":[1,1],"15":[0,1],"16":[2,1],"17":[0,1],"18":[0],"19":[3],"20":[3],"21":[6,5],"22":[2,4],"23":[5,4],"24":[1,4],"25":[4,4],"26":[1,3]},"_coverageSchema":"1a1c01bbd47fc00a2c39e90264f33305004495a9","hash":"cfd4682dabc53848090e4cec0f6e9879fb4c92fc","contentHash":"505ea1dfccb974573ca193d5263726b0d9ef1d27b1fd08e9c41b20d7e6c3dfa6"}}