TN:
SF:src/app.js
FN:30,start
FN:68,(anonymous_1)
FN:77,(anonymous_2)
FN:83,(anonymous_3)
FN:84,(anonymous_4)
FN:86,(anonymous_5)
FN:91,(anonymous_6)
FN:93,(anonymous_7)
FNF:8
FNH:6
FNDA:1,start
FNDA:0,(anonymous_1)
FNDA:1,(anonymous_2)
FNDA:1,(anonymous_3)
FNDA:1,(anonymous_4)
FNDA:1,(anonymous_5)
FNDA:0,(anonymous_6)
FNDA:1,(anonymous_7)
DA:2,1
DA:3,1
DA:4,1
DA:5,1
DA:6,1
DA:8,1
DA:9,1
DA:10,1
DA:11,1
DA:12,1
DA:13,1
DA:14,1
DA:16,1
DA:17,1
DA:18,1
DA:19,1
DA:20,1
DA:22,1
DA:23,1
DA:30,1
DA:31,1
DA:32,1
DA:33,1
DA:38,1
DA:42,1
DA:43,1
DA:45,1
DA:46,1
DA:47,1
DA:48,1
DA:49,1
DA:50,1
DA:51,1
DA:55,1
DA:56,1
DA:59,1
DA:60,1
DA:61,1
DA:62,1
DA:63,1
DA:65,1
DA:66,1
DA:68,1
DA:70,0
DA:71,0
DA:75,1
DA:77,1
DA:78,1
DA:83,1
DA:84,1
DA:86,1
DA:87,1
DA:88,1
DA:89,1
DA:91,1
DA:93,1
DA:101,1
LF:57
LH:55
BRDA:55,0,0,1
BRDA:55,0,1,0
BRDA:86,1,0,1
BRDA:86,1,1,0
BRDA:91,2,0,0
BRDA:91,2,1,0
BRDA:91,3,0,0
BRDA:91,3,1,0
BRDA:91,3,2,0
BRDA:93,4,0,1
BRDA:93,4,1,0
BRF:11
BRH:3
end_of_record
TN:
SF:src/tests.js
FN:4,(anonymous_0)
FNF:1
FNH:1
FNDA:1,(anonymous_0)
DA:2,1
DA:4,1
DA:5,1
DA:6,1
DA:7,1
DA:8,1
DA:9,1
DA:10,1
DA:14,1
DA:15,1
DA:16,1
DA:17,1
DA:18,1
DA:19,1
DA:20,1
DA:21,1
DA:22,1
DA:23,1
DA:24,1
LF:19
LH:19
BRF:0
BRH:0
end_of_record
TN:
SF:src/utils.js
FN:4,formatSequelizeResponse
FN:18,(anonymous_1)
FN:39,formatHTTPResponse
FN:52,executeAndFormat
FN:83,formatWSResponse
FN:88,handleWS
FN:90,(anonymous_6)
FN:94,(anonymous_7)
FN:106,show_log
FN:136,show_check
FN:153,sendResponse
FN:168,convertToTimeZone
FNF:12
FNH:12
FNDA:227,formatSequelizeResponse
FNDA:26,(anonymous_1)
FNDA:154,formatHTTPResponse
FNDA:218,executeAndFormat
FNDA:29,formatWSResponse
FNDA:4,handleWS
FNDA:29,(anonymous_6)
FNDA:4,(anonymous_7)
FNDA:169,show_log
FNDA:11,show_check
FNDA:153,sendResponse
FNDA:21,convertToTimeZone
DA:1,1
DA:7,227
DA:8,2
DA:9,2
DA:14,225
DA:16,34
DA:18,26
DA:23,191
DA:24,144
DA:30,47
DA:35,227
DA:41,154
DA:42,97
DA:45,57
DA:53,218
DA:54,218
DA:55,218
DA:57,15
DA:58,14
DA:60,166
DA:61,166
DA:63,15
DA:64,15
DA:66,11
DA:67,11
DA:69,11
DA:70,11
DA:72,0
DA:73,0
DA:77,1
DA:80,218
DA:84,29
DA:89,4
DA:90,4
DA:91,29
DA:94,4
DA:95,4
DA:111,169
DA:113,1
DA:114,1
DA:116,67
DA:117,67
DA:119,98
DA:120,98
DA:122,3
DA:123,3
DA:126,169
DA:127,3
DA:128,3
DA:131,166
DA:138,11
DA:139,10
DA:141,1
DA:144,11
DA:145,11
DA:146,1
DA:155,153
DA:156,56
DA:157,56
DA:160,97
DA:161,97
DA:164,153
DA:170,21
DA:174,21
DA:177,21
DA:180,21
DA:181,21
DA:185,1
LF:68
LH:66
BRDA:7,0,0,2
BRDA:7,0,1,225
BRDA:14,1,0,34
BRDA:14,1,1,191
BRDA:23,2,0,144
BRDA:23,2,1,47
BRDA:39,3,0,1
BRDA:41,4,0,97
BRDA:41,4,1,57
BRDA:55,5,0,15
BRDA:55,5,1,166
BRDA:55,5,2,15
BRDA:55,5,3,11
BRDA:55,5,4,11
BRDA:55,5,5,0
BRDA:106,6,0,0
BRDA:106,7,0,0
BRDA:106,8,0,166
BRDA:111,9,0,1
BRDA:111,9,1,67
BRDA:111,9,2,98
BRDA:111,9,3,3
BRDA:126,10,0,3
BRDA:126,10,1,166
BRDA:136,11,0,10
BRDA:138,12,0,10
BRDA:138,12,1,1
BRDA:145,13,0,1
BRDA:145,13,1,10
BRDA:155,14,0,56
BRDA:155,14,1,97
BRDA:155,15,0,153
BRDA:155,15,1,153
BRF:33
BRH:30
end_of_record
TN:
SF:src/controlers/admin-controler.js
FN:4,(anonymous_0)
FN:6,(anonymous_1)
FN:18,(anonymous_2)
FNF:3
FNH:3
FNDA:1,(anonymous_0)
FNDA:9,(anonymous_1)
FNDA:4,(anonymous_2)
DA:1,1
DA:2,1
DA:4,1
DA:5,1
DA:6,1
DA:7,9
DA:8,4
DA:9,4
DA:11,5
DA:12,1
DA:13,1
DA:15,4
DA:18,1
DA:20,4
DA:21,4
DA:23,4
DA:24,1
DA:27,4
DA:28,1
DA:29,1
DA:33,4
DA:34,1
DA:37,4
DA:38,1
LF:24
LH:24
BRDA:7,0,0,4
BRDA:7,0,1,5
BRDA:11,1,0,1
BRDA:11,1,1,4
BRDA:23,2,0,1
BRDA:23,2,1,3
BRDA:23,3,0,4
BRDA:23,3,1,2
BRDA:27,4,0,1
BRDA:27,4,1,3
BRDA:27,5,0,4
BRDA:27,5,1,2
BRDA:33,6,0,1
BRDA:33,6,1,3
BRDA:33,7,0,4
BRDA:33,7,1,2
BRDA:37,8,0,1
BRDA:37,8,1,3
BRF:18
BRH:18
end_of_record
TN:
SF:src/controlers/data-controler.js
FN:5,(anonymous_0)
FN:7,(anonymous_1)
FN:15,(anonymous_2)
FNF:3
FNH:3
FNDA:1,(anonymous_0)
FNDA:7,(anonymous_1)
FNDA:3,(anonymous_2)
DA:1,1
DA:2,1
DA:5,1
DA:6,1
DA:7,1
DA:8,7
DA:9,4
DA:10,4
DA:12,3
DA:15,1
DA:17,3
DA:25,3
DA:26,3
DA:27,2
DA:28,2
DA:30,1
DA:31,1
DA:33,1
DA:37,1
LF:19
LH:19
BRDA:8,0,0,4
BRDA:8,0,1,3
BRDA:26,1,0,2
BRDA:26,1,1,1
BRDA:33,2,0,1
BRF:5
BRH:5
end_of_record
TN:
SF:src/controlers/project-controler.js
FN:6,(anonymous_0)
FN:9,(anonymous_1)
FN:13,(anonymous_2)
FN:37,(anonymous_3)
FN:44,(anonymous_4)
FN:58,(anonymous_5)
FN:100,(anonymous_6)
FN:162,(anonymous_7)
FNF:8
FNH:8
FNDA:1,(anonymous_0)
FNDA:1,(anonymous_1)
FNDA:18,(anonymous_2)
FNDA:1,(anonymous_3)
FNDA:2,(anonymous_4)
FNDA:5,(anonymous_5)
FNDA:3,(anonymous_6)
FNDA:3,(anonymous_7)
DA:1,1
DA:2,1
DA:3,1
DA:6,1
DA:7,1
DA:8,1
DA:9,1
DA:13,1
DA:15,18
DA:16,14
DA:17,14
DA:18,3
DA:19,3
DA:22,15
DA:23,1
DA:24,1
DA:26,14
DA:27,0
DA:28,0
DA:30,14
DA:37,1
DA:38,1
DA:39,1
DA:44,1
DA:45,2
DA:46,2
DA:47,1
DA:51,1
DA:58,1
DA:60,5
DA:67,5
DA:69,5
DA:70,2
DA:71,2
DA:76,3
DA:77,3
DA:81,3
DA:82,1
DA:83,1
DA:86,2
DA:100,1
DA:102,3
DA:110,3
DA:119,3
DA:120,1
DA:121,1
DA:124,2
DA:127,2
DA:128,1
DA:131,1
DA:133,2
DA:134,1
DA:138,2
DA:139,1
DA:140,1
DA:146,1
DA:148,1
DA:155,1
DA:156,1
DA:162,1
DA:164,3
DA:165,1
DA:166,1
DA:169,2
LF:64
LH:62
BRDA:15,0,0,14
BRDA:15,0,1,4
BRDA:17,1,0,3
BRDA:17,1,1,11
BRDA:22,2,0,1
BRDA:22,2,1,14
BRDA:26,3,0,0
BRDA:26,3,1,14
BRDA:46,4,0,1
BRDA:46,4,1,1
BRDA:69,5,0,2
BRDA:69,5,1,3
BRDA:76,6,0,3
BRDA:76,6,1,0
BRDA:81,7,0,1
BRDA:81,7,1,2
BRDA:119,8,0,1
BRDA:119,8,1,2
BRDA:127,9,0,1
BRDA:127,9,1,1
BRDA:133,10,0,1
BRDA:133,10,1,1
BRDA:138,11,0,1
BRDA:138,11,1,1
BRDA:148,12,0,0
BRDA:148,12,1,1
BRDA:164,13,0,1
BRDA:164,13,1,2
BRF:28
BRH:25
end_of_record
TN:
SF:src/controlers/ressource-controler.js
FN:6,(anonymous_0)
FN:9,(anonymous_1)
FN:13,(anonymous_2)
FN:38,(anonymous_3)
FN:45,(anonymous_4)
FN:59,(anonymous_5)
FN:88,(anonymous_6)
FN:125,(anonymous_7)
FNF:8
FNH:8
FNDA:1,(anonymous_0)
FNDA:1,(anonymous_1)
FNDA:22,(anonymous_2)
FNDA:1,(anonymous_3)
FNDA:3,(anonymous_4)
FNDA:6,(anonymous_5)
FNDA:3,(anonymous_6)
FNDA:4,(anonymous_7)
DA:1,1
DA:2,1
DA:3,1
DA:6,1
DA:7,1
DA:8,1
DA:9,1
DA:13,1
DA:15,22
DA:16,16
DA:17,16
DA:18,3
DA:19,3
DA:22,19
DA:23,1
DA:24,1
DA:26,18
DA:27,1
DA:28,1
DA:31,17
DA:38,1
DA:39,1
DA:40,1
DA:45,1
DA:46,3
DA:47,3
DA:48,2
DA:52,1
DA:59,1
DA:61,6
DA:66,6
DA:68,6
DA:69,3
DA:70,3
DA:74,3
DA:76,3
DA:82,3
DA:88,1
DA:90,3
DA:96,3
DA:98,3
DA:99,1
DA:100,1
DA:104,2
DA:105,1
DA:106,1
DA:109,1
DA:125,1
DA:127,4
DA:128,1
DA:129,1
DA:132,3
LF:52
LH:52
BRDA:15,0,0,16
BRDA:15,0,1,6
BRDA:17,1,0,3
BRDA:17,1,1,13
BRDA:22,2,0,1
BRDA:22,2,1,18
BRDA:26,3,0,1
BRDA:26,3,1,17
BRDA:47,4,0,2
BRDA:47,4,1,1
BRDA:68,5,0,3
BRDA:68,5,1,3
BRDA:76,6,0,0
BRDA:76,6,1,3
BRDA:98,7,0,1
BRDA:98,7,1,2
BRDA:104,8,0,1
BRDA:104,8,1,1
BRDA:127,9,0,1
BRDA:127,9,1,3
BRF:20
BRH:19
end_of_record
TN:
SF:src/controlers/session-controler.js
FN:6,(anonymous_0)
FN:9,(anonymous_1)
FN:13,(anonymous_2)
FN:37,(anonymous_3)
FN:44,(anonymous_4)
FN:58,(anonymous_5)
FN:110,(anonymous_6)
FN:169,(anonymous_7)
FN:201,(anonymous_8)
FN:220,(anonymous_9)
FN:235,(anonymous_10)
FN:253,checkDependencies
FNF:12
FNH:12
FNDA:1,(anonymous_0)
FNDA:1,(anonymous_1)
FNDA:40,(anonymous_2)
FNDA:2,(anonymous_3)
FNDA:4,(anonymous_4)
FNDA:12,(anonymous_5)
FNDA:8,(anonymous_6)
FNDA:5,(anonymous_7)
FNDA:3,(anonymous_8)
FNDA:2,(anonymous_9)
FNDA:1,(anonymous_10)
FNDA:24,checkDependencies
DA:1,1
DA:2,1
DA:3,1
DA:6,1
DA:7,1
DA:8,1
DA:9,1
DA:13,1
DA:15,40
DA:16,4
DA:17,4
DA:18,1
DA:19,1
DA:22,39
DA:23,1
DA:24,1
DA:26,38
DA:27,1
DA:28,1
DA:30,37
DA:37,1
DA:38,2
DA:39,2
DA:44,1
DA:45,4
DA:46,4
DA:47,2
DA:51,2
DA:58,1
DA:60,12
DA:66,12
DA:68,12
DA:69,5
DA:70,5
DA:73,7
DA:74,2
DA:78,5
DA:79,5
DA:80,1
DA:81,1
DA:85,4
DA:86,2
DA:87,2
DA:88,2
DA:89,1
DA:90,1
DA:95,3
DA:96,3
DA:110,1
DA:112,8
DA:116,8
DA:118,8
DA:119,2
DA:120,2
DA:124,6
DA:125,2
DA:128,4
DA:130,4
DA:131,1
DA:132,1
DA:137,3
DA:138,3
DA:140,3
DA:141,3
DA:142,1
DA:143,1
DA:150,2
DA:169,1
DA:171,5
DA:173,2
DA:177,3
DA:178,3
DA:180,3
DA:181,2
DA:182,2
DA:185,1
DA:186,1
DA:201,1
DA:203,3
DA:204,2
DA:207,1
DA:220,1
DA:222,2
DA:223,1
DA:225,1
DA:226,1
DA:231,1
DA:235,1
DA:236,1
DA:242,1
DA:244,1
DA:249,1
DA:255,24
DA:256,10
DA:257,4
DA:258,4
DA:262,20
DA:263,7
DA:264,7
DA:265,1
DA:266,1
DA:270,19
DA:271,13
DA:272,13
DA:273,4
DA:274,4
DA:277,15
LF:107
LH:107
BRDA:15,0,0,4
BRDA:15,0,1,36
BRDA:17,1,0,1
BRDA:17,1,1,3
BRDA:22,2,0,1
BRDA:22,2,1,38
BRDA:26,3,0,1
BRDA:26,3,1,37
BRDA:46,4,0,2
BRDA:46,4,1,2
BRDA:68,5,0,5
BRDA:68,5,1,7
BRDA:73,6,0,2
BRDA:73,6,1,5
BRDA:79,7,0,1
BRDA:79,7,1,4
BRDA:79,8,0,5
BRDA:79,8,1,5
BRDA:85,9,0,2
BRDA:85,9,1,2
BRDA:88,10,0,1
BRDA:88,10,1,1
BRDA:118,11,0,2
BRDA:118,11,1,6
BRDA:124,12,0,2
BRDA:124,12,1,4
BRDA:130,13,0,1
BRDA:130,13,1,3
BRDA:137,14,0,3
BRDA:137,14,1,0
BRDA:141,15,0,1
BRDA:141,15,1,2
BRDA:171,16,0,2
BRDA:171,16,1,3
BRDA:178,17,0,3
BRDA:178,17,1,0
BRDA:180,18,0,2
BRDA:180,18,1,1
BRDA:180,19,0,3
BRDA:180,19,1,3
BRDA:203,20,0,2
BRDA:203,20,1,1
BRDA:222,21,0,1
BRDA:222,21,1,1
BRDA:226,22,0,0
BRDA:226,22,1,1
BRDA:236,23,0,0
BRDA:236,23,1,1
BRDA:244,24,0,0
BRDA:244,24,1,1
BRDA:253,25,0,0
BRDA:253,26,0,6
BRDA:253,27,0,6
BRDA:255,28,0,10
BRDA:255,28,1,14
BRDA:256,29,0,4
BRDA:256,29,1,6
BRDA:262,30,0,7
BRDA:262,30,1,13
BRDA:264,31,0,1
BRDA:264,31,1,6
BRDA:270,32,0,13
BRDA:270,32,1,6
BRDA:272,33,0,4
BRDA:272,33,1,9
BRF:65
BRH:59
end_of_record
TN:
SF:src/controlers/user-controler.js
FN:4,(anonymous_0)
FN:7,(anonymous_1)
FN:11,(anonymous_2)
FN:35,(anonymous_3)
FN:42,(anonymous_4)
FN:56,(anonymous_5)
FN:91,(anonymous_6)
FN:127,(anonymous_7)
FNF:8
FNH:8
FNDA:1,(anonymous_0)
FNDA:1,(anonymous_1)
FNDA:25,(anonymous_2)
FNDA:1,(anonymous_3)
FNDA:2,(anonymous_4)
FNDA:9,(anonymous_5)
FNDA:4,(anonymous_6)
FNDA:4,(anonymous_7)
DA:1,1
DA:2,1
DA:4,1
DA:5,1
DA:6,1
DA:7,1
DA:11,1
DA:13,25
DA:14,20
DA:15,20
DA:16,3
DA:17,3
DA:20,22
DA:21,1
DA:22,1
DA:24,21
DA:25,1
DA:26,1
DA:28,20
DA:35,1
DA:36,1
DA:37,1
DA:42,1
DA:43,2
DA:44,2
DA:45,1
DA:49,1
DA:56,1
DA:58,9
DA:64,9
DA:66,9
DA:67,5
DA:68,5
DA:72,4
DA:73,1
DA:74,1
DA:77,3
DA:91,1
DA:93,4
DA:98,4
DA:100,4
DA:101,2
DA:102,2
DA:106,2
DA:107,1
DA:108,1
DA:111,1
DA:127,1
DA:129,4
DA:130,1
DA:131,1
DA:134,3
DA:136,3
DA:142,3
LF:54
LH:54
BRDA:13,0,0,20
BRDA:13,0,1,5
BRDA:15,1,0,3
BRDA:15,1,1,17
BRDA:20,2,0,1
BRDA:20,2,1,21
BRDA:24,3,0,1
BRDA:24,3,1,20
BRDA:44,4,0,1
BRDA:44,4,1,1
BRDA:66,5,0,5
BRDA:66,5,1,4
BRDA:72,6,0,1
BRDA:72,6,1,3
BRDA:100,7,0,2
BRDA:100,7,1,2
BRDA:106,8,0,1
BRDA:106,8,1,1
BRDA:129,9,0,1
BRDA:129,9,1,3
BRDA:136,10,0,0
BRDA:136,10,1,3
BRF:22
BRH:21
end_of_record
TN:
SF:src/controlers/utilisation-controler.js
FN:6,(anonymous_0)
FN:17,(anonymous_1)
FN:41,(anonymous_2)
FN:48,(anonymous_3)
FN:62,(anonymous_4)
FN:148,(anonymous_5)
FN:215,(anonymous_6)
FN:234,(anonymous_7)
FN:253,checkDependencies
FNF:9
FNH:9
FNDA:1,(anonymous_0)
FNDA:28,(anonymous_1)
FNDA:1,(anonymous_2)
FNDA:2,(anonymous_3)
FNDA:12,(anonymous_4)
FNDA:6,(anonymous_5)
FNDA:2,(anonymous_6)
FNDA:2,(anonymous_7)
FNDA:19,checkDependencies
DA:1,1
DA:2,1
DA:3,1
DA:6,1
DA:7,1
DA:8,1
DA:9,1
DA:10,1
DA:17,1
DA:19,28
DA:20,3
DA:21,3
DA:22,1
DA:23,1
DA:26,27
DA:27,1
DA:28,1
DA:30,26
DA:31,1
DA:32,1
DA:34,25
DA:41,1
DA:42,1
DA:43,1
DA:48,1
DA:49,2
DA:50,2
DA:51,1
DA:55,1
DA:62,1
DA:64,12
DA:73,12
DA:75,12
DA:76,3
DA:77,3
DA:80,9
DA:81,2
DA:85,7
DA:86,1
DA:87,1
DA:91,6
DA:92,1
DA:93,1
DA:95,5
DA:99,5
DA:100,5
DA:101,1
DA:102,1
DA:107,4
DA:109,4
DA:111,4
DA:112,2
DA:113,2
DA:120,2
DA:121,1
DA:122,1
DA:123,1
DA:128,1
DA:130,1
DA:132,1
DA:148,1
DA:150,6
DA:154,6
DA:164,6
DA:165,2
DA:168,4
DA:171,4
DA:172,1
DA:173,1
DA:179,3
DA:180,1
DA:181,1
DA:185,2
DA:187,2
DA:189,2
DA:190,1
DA:191,1
DA:197,1
DA:215,1
DA:217,2
DA:218,1
DA:221,1
DA:234,1
DA:235,2
DA:236,1
DA:239,1
DA:241,1
DA:246,1
DA:255,19
DA:256,8
DA:257,3
DA:258,3
DA:262,16
DA:263,11
DA:264,2
DA:265,2
DA:269,14
DA:270,8
DA:271,1
DA:272,1
DA:275,13
LF:101
LH:101
BRDA:19,0,0,3
BRDA:19,0,1,25
BRDA:21,1,0,1
BRDA:21,1,1,2
BRDA:26,2,0,1
BRDA:26,2,1,26
BRDA:30,3,0,1
BRDA:30,3,1,25
BRDA:50,4,0,1
BRDA:50,4,1,1
BRDA:75,5,0,3
BRDA:75,5,1,9
BRDA:80,6,0,2
BRDA:80,6,1,7
BRDA:85,7,0,1
BRDA:85,7,1,6
BRDA:91,8,0,1
BRDA:91,8,1,5
BRDA:100,9,0,1
BRDA:100,9,1,4
BRDA:111,10,0,2
BRDA:111,10,1,2
BRDA:120,11,0,1
BRDA:120,11,1,1
BRDA:121,12,0,1
BRDA:121,12,1,0
BRDA:130,13,0,1
BRDA:130,13,1,0
BRDA:164,14,0,2
BRDA:164,14,1,4
BRDA:171,15,0,1
BRDA:171,15,1,3
BRDA:179,16,0,1
BRDA:179,16,1,2
BRDA:189,17,0,1
BRDA:189,17,1,1
BRDA:217,18,0,1
BRDA:217,18,1,1
BRDA:235,19,0,1
BRDA:235,19,1,1
BRDA:241,20,0,0
BRDA:241,20,1,1
BRDA:253,21,0,0
BRDA:253,22,0,0
BRDA:253,23,0,8
BRDA:255,24,0,8
BRDA:255,24,1,11
BRDA:256,25,0,3
BRDA:256,25,1,5
BRDA:262,26,0,11
BRDA:262,26,1,5
BRDA:263,27,0,2
BRDA:263,27,1,9
BRDA:269,28,0,8
BRDA:269,28,1,6
BRDA:270,29,0,1
BRDA:270,29,1,7
BRF:57
BRH:52
end_of_record
TN:
SF:src/models/admin-model.js
FN:7,(anonymous_0)
FN:27,(anonymous_1)
FN:33,(anonymous_2)
FN:38,(anonymous_3)
FN:43,(anonymous_4)
FN:48,(anonymous_5)
FN:65,(anonymous_6)
FN:75,(anonymous_7)
FN:101,(anonymous_8)
FN:111,(anonymous_9)
FNF:10
FNH:10
FNDA:1,(anonymous_0)
FNDA:3,(anonymous_1)
FNDA:8,(anonymous_2)
FNDA:4,(anonymous_3)
FNDA:1,(anonymous_4)
FNDA:2,(anonymous_5)
FNDA:2,(anonymous_6)
FNDA:1,(anonymous_7)
FNDA:3,(anonymous_8)
FNDA:61,(anonymous_9)
DA:1,1
DA:2,1
DA:3,1
DA:4,1
DA:7,1
DA:10,1
DA:29,3
DA:35,8
DA:40,4
DA:45,1
DA:51,2
DA:52,2
DA:53,2
DA:54,2
DA:55,2
DA:56,1
DA:59,1
DA:66,2
DA:67,2
DA:68,1
DA:70,1
DA:77,1
DA:78,1
DA:80,1
DA:82,1
DA:84,1
DA:96,1
DA:102,3
DA:103,3
DA:104,3
DA:105,2
DA:106,2
DA:108,1
DA:113,61
DA:114,47
DA:115,47
DA:116,47
DA:117,47
DA:118,47
DA:125,14
DA:127,2
DA:128,2
DA:129,2
DA:133,12
DA:139,1
DA:143,1
DA:145,1
DA:146,1
DA:147,1
DA:148,1
DA:149,1
DA:158,1
DA:167,1
LF:53
LH:53
BRDA:38,0,0,4
BRDA:55,1,0,1
BRDA:55,1,1,1
BRDA:55,2,0,2
BRDA:55,2,1,2
BRDA:67,3,0,1
BRDA:67,3,1,1
BRDA:104,4,0,2
BRDA:104,4,1,1
BRDA:113,5,0,47
BRDA:113,5,1,14
BRDA:113,6,0,61
BRDA:113,6,1,49
BRDA:125,7,0,2
BRDA:125,7,1,12
BRDA:125,8,0,14
BRDA:125,8,1,2
BRDA:146,9,0,1
BRDA:146,9,1,0
BRDA:148,10,0,1
BRDA:148,10,1,0
BRF:21
BRH:19
end_of_record
TN:
SF:src/models/project-model.js
FN:6,(anonymous_0)
FN:41,(anonymous_1)
FN:52,(anonymous_2)
FN:58,(anonymous_3)
FN:64,(anonymous_4)
FN:75,(anonymous_5)
FN:85,(anonymous_6)
FNF:7
FNH:7
FNDA:1,(anonymous_0)
FNDA:2,(anonymous_1)
FNDA:21,(anonymous_2)
FNDA:1,(anonymous_3)
FNDA:1,(anonymous_4)
FNDA:2,(anonymous_5)
FNDA:13,(anonymous_6)
DA:1,1
DA:2,1
DA:3,1
DA:6,1
DA:9,1
DA:43,2
DA:44,2
DA:45,2
DA:46,2
DA:48,2
DA:54,21
DA:60,1
DA:66,1
DA:67,1
DA:68,1
DA:69,1
DA:71,1
DA:77,2
DA:78,2
DA:79,2
DA:81,2
DA:86,13
DA:87,13
DA:88,10
DA:90,3
DA:99,1
DA:103,1
DA:104,1
DA:113,1
LF:29
LH:29
BRDA:44,0,0,2
BRDA:44,0,1,0
BRDA:58,1,0,1
BRDA:67,2,0,1
BRDA:67,2,1,0
BRDA:78,3,0,2
BRDA:78,3,1,0
BRDA:87,4,0,10
BRDA:87,4,1,3
BRF:9
BRH:6
end_of_record
TN:
SF:src/models/ressource-model.js
FN:5,(anonymous_0)
FN:36,(anonymous_1)
FN:46,(anonymous_2)
FN:51,(anonymous_3)
FN:56,(anonymous_4)
FN:67,(anonymous_5)
FN:77,(anonymous_6)
FN:86,(anonymous_7)
FN:93,(anonymous_8)
FN:97,(anonymous_9)
FNF:10
FNH:10
FNDA:1,(anonymous_0)
FNDA:3,(anonymous_1)
FNDA:33,(anonymous_2)
FNDA:1,(anonymous_3)
FNDA:5,(anonymous_4)
FNDA:3,(anonymous_5)
FNDA:14,(anonymous_6)
FNDA:7,(anonymous_7)
FNDA:1,(anonymous_8)
FNDA:3,(anonymous_9)
DA:1,1
DA:2,1
DA:5,1
DA:8,1
DA:38,3
DA:39,3
DA:40,3
DA:41,3
DA:43,3
DA:48,33
DA:53,1
DA:58,5
DA:59,5
DA:60,5
DA:61,5
DA:63,5
DA:69,3
DA:70,3
DA:71,3
DA:73,3
DA:78,14
DA:79,14
DA:80,11
DA:82,3
DA:87,7
DA:88,7
DA:89,1
DA:91,6
DA:94,1
DA:98,3
DA:107,1
DA:111,1
DA:113,1
DA:114,1
DA:115,1
DA:124,1
LF:36
LH:36
BRDA:39,0,0,3
BRDA:39,0,1,0
BRDA:51,1,0,1
BRDA:59,2,0,5
BRDA:59,2,1,0
BRDA:70,3,0,3
BRDA:70,3,1,0
BRDA:79,4,0,11
BRDA:79,4,1,3
BRDA:88,5,0,1
BRDA:88,5,1,6
BRF:11
BRH:8
end_of_record
TN:
SF:src/models/session-model.js
FN:5,(anonymous_0)
FN:40,(anonymous_1)
FN:50,(anonymous_2)
FN:55,(anonymous_3)
FN:60,(anonymous_4)
FN:70,(anonymous_5)
FN:79,(anonymous_6)
FN:88,(anonymous_7)
FN:97,(anonymous_8)
FN:109,(anonymous_9)
FN:114,(anonymous_10)
FN:121,(anonymous_11)
FN:146,(anonymous_12)
FNF:13
FNH:12
FNDA:1,(anonymous_0)
FNDA:3,(anonymous_1)
FNDA:53,(anonymous_2)
FNDA:2,(anonymous_3)
FNDA:2,(anonymous_4)
FNDA:1,(anonymous_5)
FNDA:21,(anonymous_6)
FNDA:10,(anonymous_7)
FNDA:8,(anonymous_8)
FNDA:1,(anonymous_9)
FNDA:1,(anonymous_10)
FNDA:2,(anonymous_11)
FNDA:0,(anonymous_12)
DA:1,1
DA:2,1
DA:5,1
DA:8,1
DA:42,3
DA:43,3
DA:44,3
DA:45,3
DA:47,3
DA:52,53
DA:57,2
DA:62,2
DA:63,2
DA:64,2
DA:65,2
DA:67,2
DA:72,1
DA:73,1
DA:74,1
DA:76,1
DA:80,21
DA:81,21
DA:82,15
DA:84,6
DA:89,10
DA:90,10
DA:91,2
DA:93,8
DA:98,8
DA:99,8
DA:100,8
DA:106,8
DA:111,1
DA:115,1
DA:116,1
DA:117,1
DA:123,2
DA:124,2
DA:125,2
DA:126,2
DA:127,2
DA:128,0
DA:129,0
DA:131,0
DA:132,0
DA:135,2
DA:136,2
DA:137,2
DA:138,2
DA:140,2
DA:147,0
DA:150,0
DA:153,0
DA:154,0
DA:155,0
DA:157,0
DA:165,1
DA:172,1
DA:173,1
DA:174,1
DA:175,1
DA:176,1
DA:177,1
DA:187,1
LF:64
LH:54
BRDA:43,0,0,3
BRDA:43,0,1,0
BRDA:55,1,0,2
BRDA:63,2,0,2
BRDA:63,2,1,0
BRDA:73,3,0,1
BRDA:73,3,1,0
BRDA:81,4,0,15
BRDA:81,4,1,6
BRDA:90,5,0,2
BRDA:90,5,1,8
BRDA:125,6,0,2
BRDA:125,6,1,0
BRDA:137,7,0,2
BRDA:137,7,1,0
BRF:15
BRH:10
end_of_record
TN:
SF:src/models/user-models.js
FN:5,(anonymous_0)
FN:32,(anonymous_1)
FN:42,(anonymous_2)
FN:48,(anonymous_3)
FN:53,(anonymous_4)
FN:64,(anonymous_5)
FN:75,(anonymous_6)
FNF:7
FNH:7
FNDA:1,(anonymous_0)
FNDA:3,(anonymous_1)
FNDA:30,(anonymous_2)
FNDA:1,(anonymous_3)
FNDA:1,(anonymous_4)
FNDA:3,(anonymous_5)
FNDA:23,(anonymous_6)
DA:1,1
DA:2,1
DA:5,1
DA:8,1
DA:34,3
DA:35,3
DA:36,3
DA:37,3
DA:39,3
DA:44,30
DA:50,1
DA:55,1
DA:56,1
DA:57,1
DA:58,1
DA:60,1
DA:66,3
DA:67,3
DA:68,3
DA:70,3
DA:76,23
DA:77,23
DA:78,14
DA:80,9
DA:89,1
DA:93,1
DA:94,1
DA:103,1
LF:28
LH:28
BRDA:35,0,0,3
BRDA:35,0,1,0
BRDA:48,1,0,1
BRDA:56,2,0,1
BRDA:56,2,1,0
BRDA:67,3,0,3
BRDA:67,3,1,0
BRDA:77,4,0,14
BRDA:77,4,1,9
BRF:9
BRH:6
end_of_record
TN:
SF:src/models/utilisation-model.js
FN:5,(anonymous_0)
FN:36,(anonymous_1)
FN:46,(anonymous_2)
FN:52,(anonymous_3)
FN:57,(anonymous_4)
FN:68,(anonymous_5)
FN:80,(anonymous_6)
FN:89,(anonymous_7)
FNF:8
FNH:8
FNDA:1,(anonymous_0)
FNDA:1,(anonymous_1)
FNDA:21,(anonymous_2)
FNDA:5,(anonymous_3)
FNDA:1,(anonymous_4)
FNDA:1,(anonymous_5)
FNDA:8,(anonymous_6)
FNDA:4,(anonymous_7)
DA:1,1
DA:2,1
DA:5,1
DA:8,1
DA:38,1
DA:39,1
DA:40,1
DA:41,1
DA:43,1
DA:48,21
DA:54,5
DA:59,1
DA:60,1
DA:61,1
DA:62,1
DA:64,1
DA:70,1
DA:71,1
DA:72,1
DA:73,1
DA:75,1
DA:81,8
DA:82,8
DA:83,5
DA:85,3
DA:90,4
DA:91,4
DA:92,1
DA:94,3
DA:99,1
DA:103,1
DA:104,1
DA:105,1
DA:106,1
DA:107,1
DA:108,1
DA:117,1
LF:37
LH:37
BRDA:39,0,0,1
BRDA:39,0,1,0
BRDA:52,1,0,1
BRDA:60,2,0,1
BRDA:60,2,1,0
BRDA:71,3,0,1
BRDA:71,3,1,0
BRDA:82,4,0,5
BRDA:82,4,1,3
BRDA:91,5,0,1
BRDA:91,5,1,3
BRF:11
BRH:8
end_of_record
